{"/Users/solveetcoagula/Desktop/bounty_operations/workspaces/stellar_alerts/apps/api/src/app.ts": {"path":"/Users/solveetcoagula/Desktop/bounty_operations/workspaces/stellar_alerts/apps/api/src/app.ts","all":true,"statementMap":{"0":{"start":{"line":1,"column":0},"end":{"line":1,"column":30}},"1":{"start":{"line":2,"column":0},"end":{"line":2,"column":33}},"2":{"start":{"line":3,"column":0},"end":{"line":3,"column":44}},"3":{"start":{"line":4,"column":0},"end":{"line":4,"column":39}},"4":{"start":{"line":5,"column":0},"end":{"line":5,"column":44}},"5":{"start":{"line":6,"column":0},"end":{"line":6,"column":24}},"6":{"start":{"line":7,"column":0},"end":{"line":7,"column":44}},"7":{"start":{"line":8,"column":0},"end":{"line":8,"column":56}},"8":{"start":{"line":9,"column":0},"end":{"line":9,"column":65}},"9":{"start":{"line":10,"column":0},"end":{"line":10,"column":68}},"10":{"start":{"line":11,"column":0},"end":{"line":11,"column":68}},"11":{"start":{"line":12,"column":0},"end":{"line":12,"column":81}},"12":{"start":{"line":13,"column":0},"end":{"line":13,"column":70}},"13":{"start":{"line":14,"column":0},"end":{"line":14,"column":73}},"15":{"start":{"line":16,"column":0},"end":{"line":16,"column":33}},"16":{"start":{"line":17,"column":0},"end":{"line":17,"column":54}},"17":{"start":{"line":18,"column":0},"end":{"line":18,"column":52}},"18":{"start":{"line":19,"column":0},"end":{"line":19,"column":56}},"19":{"start":{"line":20,"column":0},"end":{"line":20,"column":58}},"20":{"start":{"line":21,"column":0},"end":{"line":21,"column":2}},"22":{"start":{"line":23,"column":0},"end":{"line":23,"column":37}},"23":{"start":{"line":24,"column":0},"end":{"line":24,"column":23}},"24":{"start":{"line":25,"column":0},"end":{"line":25,"column":17}},"25":{"start":{"line":26,"column":0},"end":{"line":26,"column":25}},"26":{"start":{"line":27,"column":0},"end":{"line":27,"column":5}},"28":{"start":{"line":29,"column":0},"end":{"line":29,"column":28}},"29":{"start":{"line":30,"column":0},"end":{"line":30,"column":81}},"31":{"start":{"line":32,"column":0},"end":{"line":32,"column":5}},"33":{"start":{"line":34,"column":0},"end":{"line":34,"column":33}},"34":{"start":{"line":35,"column":0},"end":{"line":35,"column":17}},"35":{"start":{"line":36,"column":0},"end":{"line":36,"column":13}},"36":{"start":{"line":37,"column":0},"end":{"line":37,"column":27}},"37":{"start":{"line":38,"column":0},"end":{"line":38,"column":5}},"39":{"start":{"line":40,"column":0},"end":{"line":40,"column":31}},"40":{"start":{"line":41,"column":0},"end":{"line":41,"column":14}},"41":{"start":{"line":42,"column":0},"end":{"line":42,"column":13}},"42":{"start":{"line":43,"column":0},"end":{"line":43,"column":36}},"43":{"start":{"line":44,"column":0},"end":{"line":44,"column":20}},"44":{"start":{"line":45,"column":0},"end":{"line":45,"column":146}},"45":{"start":{"line":46,"column":0},"end":{"line":46,"column":25}},"46":{"start":{"line":47,"column":0},"end":{"line":47,"column":8}},"47":{"start":{"line":48,"column":0},"end":{"line":48,"column":13}},"48":{"start":{"line":49,"column":0},"end":{"line":49,"column":67}},"49":{"start":{"line":50,"column":0},"end":{"line":50,"column":78}},"50":{"start":{"line":51,"column":0},"end":{"line":51,"column":84}},"51":{"start":{"line":52,"column":0},"end":{"line":52,"column":86}},"52":{"start":{"line":53,"column":0},"end":{"line":53,"column":8}},"53":{"start":{"line":54,"column":0},"end":{"line":54,"column":19}},"54":{"start":{"line":55,"column":0},"end":{"line":55,"column":64}},"55":{"start":{"line":56,"column":0},"end":{"line":56,"column":8}},"56":{"start":{"line":57,"column":0},"end":{"line":57,"column":6}},"57":{"start":{"line":58,"column":0},"end":{"line":58,"column":5}},"59":{"start":{"line":60,"column":0},"end":{"line":60,"column":33}},"60":{"start":{"line":61,"column":0},"end":{"line":61,"column":25}},"61":{"start":{"line":62,"column":0},"end":{"line":62,"column":5}},"63":{"start":{"line":64,"column":0},"end":{"line":64,"column":35}},"65":{"start":{"line":66,"column":0},"end":{"line":66,"column":34}},"66":{"start":{"line":67,"column":0},"end":{"line":67,"column":28}},"67":{"start":{"line":68,"column":0},"end":{"line":68,"column":5}},"69":{"start":{"line":70,"column":0},"end":{"line":70,"column":27}},"70":{"start":{"line":71,"column":0},"end":{"line":71,"column":30}},"71":{"start":{"line":72,"column":0},"end":{"line":72,"column":31}},"72":{"start":{"line":73,"column":0},"end":{"line":73,"column":31}},"74":{"start":{"line":75,"column":0},"end":{"line":75,"column":13}},"75":{"start":{"line":76,"column":0},"end":{"line":76,"column":2}}},"s":{"0":0,"1":0,"2":0,"3":0,"4":0,"5":0,"6":0,"7":0,"8":0,"9":0,"10":0,"11":0,"12":0,"13":0,"15":0,"16":0,"17":0,"18":0,"19":0,"20":0,"22":0,"23":0,"24":0,"25":0,"26":0,"28":0,"29":0,"31":0,"33":0,"34":0,"35":0,"36":0,"37":0,"39":0,"40":0,"41":0,"42":0,"43":0,"44":0,"45":0,"46":0,"47":0,"48":0,"49":0,"50":0,"51":0,"52":0,"53":0,"54":0,"55":0,"56":0,"57":0,"59":0,"60":0,"61":0,"63":0,"65":0,"66":0,"67":0,"69":0,"70":0,"71":0,"72":0,"74":0,"75":0},"branchMap":{"0":{"type":"branch","line":1,"loc":{"start":{"line":1,"column":2419},"end":{"line":76,"column":2}},"locations":[{"start":{"line":1,"column":2419},"end":{"line":76,"column":2}}]}},"b":{"0":[0]},"fnMap":{"0":{"name":"(empty-report)","decl":{"start":{"line":1,"column":2419},"end":{"line":76,"column":2}},"loc":{"start":{"line":1,"column":2419},"end":{"line":76,"column":2}},"line":1}},"f":{"0":0}}
,"/Users/solveetcoagula/Desktop/bounty_operations/workspaces/stellar_alerts/apps/api/src/config/env.ts": {"path":"/Users/solveetcoagula/Desktop/bounty_operations/workspaces/stellar_alerts/apps/api/src/config/env.ts","all":false,"statementMap":{"0":{"start":{"line":1,"column":0},"end":{"line":1,"column":24}},"2":{"start":{"line":3,"column":0},"end":{"line":3,"column":28}},"3":{"start":{"line":4,"column":0},"end":{"line":4,"column":33}},"4":{"start":{"line":5,"column":0},"end":{"line":5,"column":40}},"5":{"start":{"line":6,"column":0},"end":{"line":6,"column":32}},"6":{"start":{"line":7,"column":0},"end":{"line":7,"column":30}},"7":{"start":{"line":8,"column":0},"end":{"line":8,"column":46}},"8":{"start":{"line":9,"column":0},"end":{"line":9,"column":3}},"10":{"start":{"line":11,"column":0},"end":{"line":11,"column":24}},"11":{"start":{"line":12,"column":0},"end":{"line":12,"column":20}},"12":{"start":{"line":13,"column":0},"end":{"line":13,"column":19}},"13":{"start":{"line":14,"column":0},"end":{"line":14,"column":179}},"14":{"start":{"line":15,"column":0},"end":{"line":15,"column":155}},"15":{"start":{"line":16,"column":0},"end":{"line":16,"column":141}},"16":{"start":{"line":17,"column":0},"end":{"line":17,"column":135}},"17":{"start":{"line":18,"column":0},"end":{"line":18,"column":4}},"19":{"start":{"line":20,"column":0},"end":{"line":20,"column":47}},"21":{"start":{"line":22,"column":0},"end":{"line":22,"column":24}},"22":{"start":{"line":23,"column":0},"end":{"line":23,"column":77}},"23":{"start":{"line":24,"column":0},"end":{"line":24,"column":65}},"24":{"start":{"line":25,"column":0},"end":{"line":25,"column":22}},"25":{"start":{"line":26,"column":0},"end":{"line":26,"column":5}},"26":{"start":{"line":27,"column":0},"end":{"line":27,"column":3}},"28":{"start":{"line":29,"column":0},"end":{"line":29,"column":25}},"29":{"start":{"line":30,"column":0},"end":{"line":30,"column":81}},"30":{"start":{"line":31,"column":0},"end":{"line":31,"column":51}},"31":{"start":{"line":32,"column":0},"end":{"line":32,"column":45}},"32":{"start":{"line":33,"column":0},"end":{"line":33,"column":40}},"33":{"start":{"line":34,"column":0},"end":{"line":34,"column":17}},"34":{"start":{"line":35,"column":0},"end":{"line":35,"column":4}},"35":{"start":{"line":36,"column":0},"end":{"line":36,"column":2}},"37":{"start":{"line":38,"column":0},"end":{"line":38,"column":30}}},"s":{"0":1,"2":1,"3":1,"4":1,"5":1,"6":1,"7":1,"8":1,"10":1,"11":3,"12":3,"13":3,"14":3,"15":3,"16":3,"17":3,"19":3,"21":3,"22":0,"23":0,"24":0,"25":0,"26":0,"28":3,"29":0,"30":0,"31":0,"32":0,"33":0,"34":0,"35":3,"37":1},"branchMap":{"0":{"type":"branch","line":11,"loc":{"start":{"line":11,"column":17},"end":{"line":36,"column":2}},"locations":[{"start":{"line":11,"column":17},"end":{"line":36,"column":2}}]},"1":{"type":"branch","line":14,"loc":{"start":{"line":14,"column":72},"end":{"line":14,"column":103}},"locations":[{"start":{"line":14,"column":72},"end":{"line":14,"column":103}}]},"2":{"type":"branch","line":14,"loc":{"start":{"line":14,"column":103},"end":{"line":14,"column":179}},"locations":[{"start":{"line":14,"column":103},"end":{"line":14,"column":179}}]},"3":{"type":"branch","line":15,"loc":{"start":{"line":15,"column":84},"end":{"line":15,"column":115}},"locations":[{"start":{"line":15,"column":84},"end":{"line":15,"column":115}}]},"4":{"type":"branch","line":15,"loc":{"start":{"line":15,"column":115},"end":{"line":15,"column":155}},"locations":[{"start":{"line":15,"column":115},"end":{"line":15,"column":155}}]},"5":{"type":"branch","line":16,"loc":{"start":{"line":16,"column":68},"end":{"line":16,"column":99}},"locations":[{"start":{"line":16,"column":68},"end":{"line":16,"column":99}}]},"6":{"type":"branch","line":16,"loc":{"start":{"line":16,"column":99},"end":{"line":16,"column":141}},"locations":[{"start":{"line":16,"column":99},"end":{"line":16,"column":141}}]},"7":{"type":"branch","line":17,"loc":{"start":{"line":17,"column":66},"end":{"line":17,"column":97}},"locations":[{"start":{"line":17,"column":66},"end":{"line":17,"column":97}}]},"8":{"type":"branch","line":17,"loc":{"start":{"line":17,"column":97},"end":{"line":17,"column":135}},"locations":[{"start":{"line":17,"column":97},"end":{"line":17,"column":135}}]},"9":{"type":"branch","line":22,"loc":{"start":{"line":22,"column":23},"end":{"line":27,"column":3}},"locations":[{"start":{"line":22,"column":23},"end":{"line":27,"column":3}}]},"10":{"type":"branch","line":29,"loc":{"start":{"line":29,"column":16},"end":{"line":35,"column":4}},"locations":[{"start":{"line":29,"column":16},"end":{"line":35,"column":4}}]}},"b":{"0":[3],"1":[0],"2":[0],"3":[0],"4":[0],"5":[0],"6":[0],"7":[0],"8":[0],"9":[0],"10":[0]},"fnMap":{"0":{"name":"parseEnv","decl":{"start":{"line":11,"column":17},"end":{"line":36,"column":2}},"loc":{"start":{"line":11,"column":17},"end":{"line":36,"column":2}},"line":11}},"f":{"0":3}}
,"/Users/solveetcoagula/Desktop/bounty_operations/workspaces/stellar_alerts/apps/api/src/lib/lock.ts": {"path":"/Users/solveetcoagula/Desktop/bounty_operations/workspaces/stellar_alerts/apps/api/src/lib/lock.ts","all":false,"statementMap":{"0":{"start":{"line":1,"column":0},"end":{"line":1,"column":32}},"14":{"start":{"line":15,"column":0},"end":{"line":15,"column":29}},"15":{"start":{"line":16,"column":0},"end":{"line":16,"column":28}},"26":{"start":{"line":27,"column":0},"end":{"line":27,"column":60}},"27":{"start":{"line":28,"column":0},"end":{"line":28,"column":35}},"28":{"start":{"line":29,"column":0},"end":{"line":29,"column":1}},"33":{"start":{"line":34,"column":0},"end":{"line":34,"column":40}},"34":{"start":{"line":35,"column":0},"end":{"line":35,"column":19}},"35":{"start":{"line":36,"column":0},"end":{"line":36,"column":27}},"36":{"start":{"line":37,"column":0},"end":{"line":37,"column":31}},"37":{"start":{"line":38,"column":0},"end":{"line":38,"column":48}},"38":{"start":{"line":39,"column":0},"end":{"line":39,"column":45}},"39":{"start":{"line":40,"column":0},"end":{"line":40,"column":51}},"40":{"start":{"line":41,"column":0},"end":{"line":41,"column":41}},"41":{"start":{"line":42,"column":0},"end":{"line":42,"column":97}},"43":{"start":{"line":44,"column":0},"end":{"line":44,"column":59}},"44":{"start":{"line":45,"column":0},"end":{"line":45,"column":9}},"45":{"start":{"line":46,"column":0},"end":{"line":46,"column":72}},"46":{"start":{"line":47,"column":0},"end":{"line":47,"column":28}},"47":{"start":{"line":48,"column":0},"end":{"line":48,"column":48}},"48":{"start":{"line":49,"column":0},"end":{"line":49,"column":7}},"49":{"start":{"line":50,"column":0},"end":{"line":50,"column":24}},"50":{"start":{"line":51,"column":0},"end":{"line":51,"column":93}},"51":{"start":{"line":52,"column":0},"end":{"line":52,"column":5}},"53":{"start":{"line":54,"column":0},"end":{"line":54,"column":31}},"54":{"start":{"line":55,"column":0},"end":{"line":55,"column":72}},"55":{"start":{"line":56,"column":0},"end":{"line":56,"column":5}},"56":{"start":{"line":57,"column":0},"end":{"line":57,"column":3}},"58":{"start":{"line":59,"column":0},"end":{"line":59,"column":14}},"59":{"start":{"line":60,"column":0},"end":{"line":60,"column":1}},"64":{"start":{"line":65,"column":0},"end":{"line":65,"column":84}},"65":{"start":{"line":66,"column":0},"end":{"line":66,"column":26}},"67":{"start":{"line":68,"column":0},"end":{"line":68,"column":7}},"68":{"start":{"line":69,"column":0},"end":{"line":69,"column":81}},"69":{"start":{"line":70,"column":0},"end":{"line":70,"column":24}},"70":{"start":{"line":71,"column":0},"end":{"line":71,"column":22}},"71":{"start":{"line":72,"column":0},"end":{"line":72,"column":88}},"72":{"start":{"line":73,"column":0},"end":{"line":73,"column":17}},"73":{"start":{"line":74,"column":0},"end":{"line":74,"column":3}},"74":{"start":{"line":75,"column":0},"end":{"line":75,"column":1}},"80":{"start":{"line":81,"column":0},"end":{"line":81,"column":40}},"81":{"start":{"line":82,"column":0},"end":{"line":82,"column":19}},"82":{"start":{"line":83,"column":0},"end":{"line":83,"column":23}},"83":{"start":{"line":84,"column":0},"end":{"line":84,"column":27}},"84":{"start":{"line":85,"column":0},"end":{"line":85,"column":22}},"85":{"start":{"line":86,"column":0},"end":{"line":86,"column":58}},"86":{"start":{"line":87,"column":0},"end":{"line":87,"column":14}},"87":{"start":{"line":88,"column":0},"end":{"line":88,"column":110}},"88":{"start":{"line":89,"column":0},"end":{"line":89,"column":16}},"89":{"start":{"line":90,"column":0},"end":{"line":90,"column":3}},"91":{"start":{"line":92,"column":0},"end":{"line":92,"column":7}},"92":{"start":{"line":93,"column":0},"end":{"line":93,"column":22}},"93":{"start":{"line":94,"column":0},"end":{"line":94,"column":13}},"94":{"start":{"line":95,"column":0},"end":{"line":95,"column":34}},"95":{"start":{"line":96,"column":0},"end":{"line":96,"column":3}},"96":{"start":{"line":97,"column":0},"end":{"line":97,"column":1}}},"s":{"0":1,"14":1,"15":1,"26":1,"27":8,"28":8,"33":7,"34":7,"35":7,"36":7,"37":7,"38":7,"39":7,"40":7,"41":7,"43":7,"44":7,"45":7,"46":7,"47":5,"48":5,"49":7,"50":0,"51":0,"53":7,"54":0,"55":0,"56":7,"58":2,"59":2,"64":3,"65":3,"67":3,"68":3,"69":3,"70":3,"71":0,"72":0,"73":0,"74":3,"80":2,"81":2,"82":2,"83":2,"84":2,"85":2,"86":2,"87":1,"88":1,"89":1,"91":1,"92":1,"93":1,"94":1,"95":1,"96":2},"branchMap":{"0":{"type":"branch","line":27,"loc":{"start":{"line":27,"column":7},"end":{"line":29,"column":1}},"locations":[{"start":{"line":27,"column":7},"end":{"line":29,"column":1}}]},"1":{"type":"branch","line":34,"loc":{"start":{"line":34,"column":0},"end":{"line":60,"column":1}},"locations":[{"start":{"line":34,"column":0},"end":{"line":60,"column":1}}]},"2":{"type":"branch","line":39,"loc":{"start":{"line":39,"column":29},"end":{"line":39,"column":45}},"locations":[{"start":{"line":39,"column":29},"end":{"line":39,"column":45}}]},"3":{"type":"branch","line":47,"loc":{"start":{"line":47,"column":27},"end":{"line":49,"column":7}},"locations":[{"start":{"line":47,"column":27},"end":{"line":49,"column":7}}]},"4":{"type":"branch","line":50,"loc":{"start":{"line":50,"column":4},"end":{"line":52,"column":5}},"locations":[{"start":{"line":50,"column":4},"end":{"line":52,"column":5}}]},"5":{"type":"branch","line":52,"loc":{"start":{"line":52,"column":4},"end":{"line":54,"column":30}},"locations":[{"start":{"line":52,"column":4},"end":{"line":54,"column":30}}]},"6":{"type":"branch","line":54,"loc":{"start":{"line":54,"column":30},"end":{"line":56,"column":5}},"locations":[{"start":{"line":54,"column":30},"end":{"line":56,"column":5}}]},"7":{"type":"branch","line":57,"loc":{"start":{"line":57,"column":2},"end":{"line":60,"column":1}},"locations":[{"start":{"line":57,"column":2},"end":{"line":60,"column":1}}]},"8":{"type":"branch","line":65,"loc":{"start":{"line":65,"column":0},"end":{"line":75,"column":1}},"locations":[{"start":{"line":65,"column":0},"end":{"line":75,"column":1}}]},"9":{"type":"branch","line":66,"loc":{"start":{"line":66,"column":13},"end":{"line":66,"column":26}},"locations":[{"start":{"line":66,"column":13},"end":{"line":66,"column":26}}]},"10":{"type":"branch","line":71,"loc":{"start":{"line":71,"column":2},"end":{"line":74,"column":3}},"locations":[{"start":{"line":71,"column":2},"end":{"line":74,"column":3}}]},"11":{"type":"branch","line":81,"loc":{"start":{"line":81,"column":0},"end":{"line":97,"column":1}},"locations":[{"start":{"line":81,"column":0},"end":{"line":97,"column":1}}]},"12":{"type":"branch","line":87,"loc":{"start":{"line":87,"column":13},"end":{"line":96,"column":3}},"locations":[{"start":{"line":87,"column":13},"end":{"line":96,"column":3}}]}},"b":{"0":[8],"1":[7],"2":[5],"3":[5],"4":[0],"5":[2],"6":[0],"7":[2],"8":[3],"9":[0],"10":[0],"11":[2],"12":[1]},"fnMap":{"0":{"name":"getWalletLockKey","decl":{"start":{"line":27,"column":7},"end":{"line":29,"column":1}},"loc":{"start":{"line":27,"column":7},"end":{"line":29,"column":1}},"line":27},"1":{"name":"acquireWalletLock","decl":{"start":{"line":34,"column":0},"end":{"line":60,"column":1}},"loc":{"start":{"line":34,"column":0},"end":{"line":60,"column":1}},"line":34},"2":{"name":"releaseWalletLock","decl":{"start":{"line":65,"column":0},"end":{"line":75,"column":1}},"loc":{"start":{"line":65,"column":0},"end":{"line":75,"column":1}},"line":65},"3":{"name":"withWalletLock","decl":{"start":{"line":81,"column":0},"end":{"line":97,"column":1}},"loc":{"start":{"line":81,"column":0},"end":{"line":97,"column":1}},"line":81}},"f":{"0":8,"1":7,"2":3,"3":2}}
,"/Users/solveetcoagula/Desktop/bounty_operations/workspaces/stellar_alerts/apps/api/src/lib/nonceCache.ts": {"path":"/Users/solveetcoagula/Desktop/bounty_operations/workspaces/stellar_alerts/apps/api/src/lib/nonceCache.ts","all":false,"statementMap":{"0":{"start":{"line":1,"column":0},"end":{"line":1,"column":28}},"2":{"start":{"line":3,"column":0},"end":{"line":3,"column":32}},"4":{"start":{"line":5,"column":0},"end":{"line":5,"column":45}},"5":{"start":{"line":6,"column":0},"end":{"line":6,"column":58}},"10":{"start":{"line":11,"column":0},"end":{"line":11,"column":41}},"11":{"start":{"line":12,"column":0},"end":{"line":12,"column":29}},"12":{"start":{"line":13,"column":0},"end":{"line":13,"column":1}},"24":{"start":{"line":25,"column":0},"end":{"line":25,"column":41}},"25":{"start":{"line":26,"column":0},"end":{"line":26,"column":16}},"26":{"start":{"line":27,"column":0},"end":{"line":27,"column":49}},"27":{"start":{"line":28,"column":0},"end":{"line":28,"column":28}},"28":{"start":{"line":29,"column":0},"end":{"line":29,"column":21}},"29":{"start":{"line":30,"column":0},"end":{"line":30,"column":15}},"30":{"start":{"line":31,"column":0},"end":{"line":31,"column":17}},"31":{"start":{"line":32,"column":0},"end":{"line":32,"column":3}},"33":{"start":{"line":34,"column":0},"end":{"line":34,"column":7}},"34":{"start":{"line":35,"column":0},"end":{"line":35,"column":42}},"35":{"start":{"line":36,"column":0},"end":{"line":36,"column":75}},"36":{"start":{"line":37,"column":0},"end":{"line":37,"column":27}},"37":{"start":{"line":38,"column":0},"end":{"line":38,"column":24}},"38":{"start":{"line":39,"column":0},"end":{"line":39,"column":87}},"39":{"start":{"line":40,"column":0},"end":{"line":40,"column":17}},"40":{"start":{"line":41,"column":0},"end":{"line":41,"column":3}},"41":{"start":{"line":42,"column":0},"end":{"line":42,"column":1}},"50":{"start":{"line":51,"column":0},"end":{"line":51,"column":38}},"51":{"start":{"line":52,"column":0},"end":{"line":52,"column":16}},"52":{"start":{"line":53,"column":0},"end":{"line":53,"column":28}},"53":{"start":{"line":54,"column":0},"end":{"line":54,"column":21}},"54":{"start":{"line":55,"column":0},"end":{"line":55,"column":15}},"55":{"start":{"line":56,"column":0},"end":{"line":56,"column":17}},"56":{"start":{"line":57,"column":0},"end":{"line":57,"column":3}},"58":{"start":{"line":59,"column":0},"end":{"line":59,"column":7}},"59":{"start":{"line":60,"column":0},"end":{"line":60,"column":42}},"60":{"start":{"line":61,"column":0},"end":{"line":61,"column":45}},"61":{"start":{"line":62,"column":0},"end":{"line":62,"column":26}},"62":{"start":{"line":63,"column":0},"end":{"line":63,"column":24}},"63":{"start":{"line":64,"column":0},"end":{"line":64,"column":87}},"64":{"start":{"line":65,"column":0},"end":{"line":65,"column":17}},"65":{"start":{"line":66,"column":0},"end":{"line":66,"column":3}},"66":{"start":{"line":67,"column":0},"end":{"line":67,"column":1}},"75":{"start":{"line":76,"column":0},"end":{"line":76,"column":33}},"76":{"start":{"line":77,"column":0},"end":{"line":77,"column":16}},"77":{"start":{"line":78,"column":0},"end":{"line":78,"column":49}},"78":{"start":{"line":79,"column":0},"end":{"line":79,"column":28}},"79":{"start":{"line":80,"column":0},"end":{"line":80,"column":18}},"80":{"start":{"line":81,"column":0},"end":{"line":81,"column":15}},"81":{"start":{"line":82,"column":0},"end":{"line":82,"column":11}},"82":{"start":{"line":83,"column":0},"end":{"line":83,"column":3}},"84":{"start":{"line":85,"column":0},"end":{"line":85,"column":40}},"85":{"start":{"line":86,"column":0},"end":{"line":86,"column":52}},"86":{"start":{"line":87,"column":0},"end":{"line":87,"column":1}}},"s":{"0":1,"2":1,"4":1,"5":1,"10":1,"11":23,"12":23,"24":13,"25":13,"26":13,"27":13,"28":13,"29":13,"30":1,"31":1,"33":12,"34":12,"35":12,"36":12,"37":13,"38":0,"39":0,"40":0,"41":13,"50":6,"51":6,"52":6,"53":6,"54":6,"55":1,"56":1,"58":5,"59":5,"60":5,"61":5,"62":6,"63":0,"64":0,"65":0,"66":6,"75":2,"76":2,"77":2,"78":2,"79":2,"80":2,"81":1,"82":1,"84":1,"85":1,"86":1},"branchMap":{"0":{"type":"branch","line":11,"loc":{"start":{"line":11,"column":7},"end":{"line":13,"column":1}},"locations":[{"start":{"line":11,"column":7},"end":{"line":13,"column":1}}]},"1":{"type":"branch","line":25,"loc":{"start":{"line":25,"column":0},"end":{"line":42,"column":1}},"locations":[{"start":{"line":25,"column":0},"end":{"line":42,"column":1}}]},"2":{"type":"branch","line":30,"loc":{"start":{"line":30,"column":14},"end":{"line":32,"column":3}},"locations":[{"start":{"line":30,"column":14},"end":{"line":32,"column":3}}]},"3":{"type":"branch","line":32,"loc":{"start":{"line":32,"column":2},"end":{"line":38,"column":11}},"locations":[{"start":{"line":32,"column":2},"end":{"line":38,"column":11}}]},"4":{"type":"branch","line":38,"loc":{"start":{"line":38,"column":2},"end":{"line":41,"column":3}},"locations":[{"start":{"line":38,"column":2},"end":{"line":41,"column":3}}]},"5":{"type":"branch","line":51,"loc":{"start":{"line":51,"column":0},"end":{"line":67,"column":1}},"locations":[{"start":{"line":51,"column":0},"end":{"line":67,"column":1}}]},"6":{"type":"branch","line":55,"loc":{"start":{"line":55,"column":14},"end":{"line":57,"column":3}},"locations":[{"start":{"line":55,"column":14},"end":{"line":57,"column":3}}]},"7":{"type":"branch","line":57,"loc":{"start":{"line":57,"column":2},"end":{"line":63,"column":11}},"locations":[{"start":{"line":57,"column":2},"end":{"line":63,"column":11}}]},"8":{"type":"branch","line":63,"loc":{"start":{"line":63,"column":2},"end":{"line":66,"column":3}},"locations":[{"start":{"line":63,"column":2},"end":{"line":66,"column":3}}]},"9":{"type":"branch","line":76,"loc":{"start":{"line":76,"column":0},"end":{"line":87,"column":1}},"locations":[{"start":{"line":76,"column":0},"end":{"line":87,"column":1}}]},"10":{"type":"branch","line":81,"loc":{"start":{"line":81,"column":14},"end":{"line":87,"column":1}},"locations":[{"start":{"line":81,"column":14},"end":{"line":87,"column":1}}]}},"b":{"0":[23],"1":[13],"2":[1],"3":[12],"4":[0],"5":[6],"6":[1],"7":[5],"8":[0],"9":[2],"10":[1]},"fnMap":{"0":{"name":"generateNonce","decl":{"start":{"line":11,"column":7},"end":{"line":13,"column":1}},"loc":{"start":{"line":11,"column":7},"end":{"line":13,"column":1}},"line":11},"1":{"name":"checkAndStoreNonce","decl":{"start":{"line":25,"column":0},"end":{"line":42,"column":1}},"loc":{"start":{"line":25,"column":0},"end":{"line":42,"column":1}},"line":25},"2":{"name":"isNonceRecorded","decl":{"start":{"line":51,"column":0},"end":{"line":67,"column":1}},"loc":{"start":{"line":51,"column":0},"end":{"line":67,"column":1}},"line":51},"3":{"name":"storeNonce","decl":{"start":{"line":76,"column":0},"end":{"line":87,"column":1}},"loc":{"start":{"line":76,"column":0},"end":{"line":87,"column":1}},"line":76}},"f":{"0":23,"1":13,"2":6,"3":2}}
,"/Users/solveetcoagula/Desktop/bounty_operations/workspaces/stellar_alerts/apps/api/src/lib/prisma.ts": {"path":"/Users/solveetcoagula/Desktop/bounty_operations/workspaces/stellar_alerts/apps/api/src/lib/prisma.ts","all":false,"statementMap":{"0":{"start":{"line":1,"column":0},"end":{"line":1,"column":61}},"1":{"start":{"line":2,"column":0},"end":{"line":2,"column":46}},"2":{"start":{"line":3,"column":0},"end":{"line":3,"column":36}},"4":{"start":{"line":5,"column":0},"end":{"line":5,"column":152}},"6":{"start":{"line":7,"column":0},"end":{"line":7,"column":28}},"7":{"start":{"line":8,"column":0},"end":{"line":8,"column":38}},"8":{"start":{"line":9,"column":0},"end":{"line":9,"column":3}},"10":{"start":{"line":11,"column":0},"end":{"line":11,"column":50}},"12":{"start":{"line":13,"column":0},"end":{"line":13,"column":85}},"13":{"start":{"line":14,"column":0},"end":{"line":14,"column":111}},"14":{"start":{"line":15,"column":0},"end":{"line":15,"column":42}},"15":{"start":{"line":16,"column":0},"end":{"line":16,"column":49}},"17":{"start":{"line":18,"column":0},"end":{"line":18,"column":7}},"18":{"start":{"line":19,"column":0},"end":{"line":19,"column":31}},"19":{"start":{"line":20,"column":0},"end":{"line":20,"column":16}},"21":{"start":{"line":22,"column":0},"end":{"line":22,"column":26}},"22":{"start":{"line":23,"column":0},"end":{"line":23,"column":42}},"23":{"start":{"line":24,"column":0},"end":{"line":24,"column":5}},"24":{"start":{"line":25,"column":0},"end":{"line":25,"column":41}},"25":{"start":{"line":26,"column":0},"end":{"line":26,"column":1}},"27":{"start":{"line":28,"column":0},"end":{"line":28,"column":67}},"28":{"start":{"line":29,"column":0},"end":{"line":29,"column":18}},"29":{"start":{"line":30,"column":0},"end":{"line":30,"column":29}},"30":{"start":{"line":31,"column":0},"end":{"line":31,"column":9}},"31":{"start":{"line":32,"column":0},"end":{"line":32,"column":30}},"32":{"start":{"line":33,"column":0},"end":{"line":33,"column":58}},"33":{"start":{"line":34,"column":0},"end":{"line":34,"column":13}},"34":{"start":{"line":35,"column":0},"end":{"line":35,"column":26}},"35":{"start":{"line":36,"column":0},"end":{"line":36,"column":16}},"36":{"start":{"line":37,"column":0},"end":{"line":37,"column":102}},"37":{"start":{"line":38,"column":0},"end":{"line":38,"column":31}},"38":{"start":{"line":39,"column":0},"end":{"line":39,"column":86}},"39":{"start":{"line":40,"column":0},"end":{"line":40,"column":24}},"40":{"start":{"line":41,"column":0},"end":{"line":41,"column":7}},"41":{"start":{"line":42,"column":0},"end":{"line":42,"column":55}},"42":{"start":{"line":43,"column":0},"end":{"line":43,"column":40}},"43":{"start":{"line":44,"column":0},"end":{"line":44,"column":5}},"44":{"start":{"line":45,"column":0},"end":{"line":45,"column":3}},"45":{"start":{"line":46,"column":0},"end":{"line":46,"column":1}}},"s":{"0":1,"1":1,"2":1,"4":1,"6":1,"7":1,"8":1,"10":1,"12":2,"13":2,"14":2,"15":2,"17":2,"18":2,"19":2,"21":2,"22":2,"23":2,"24":2,"25":2,"27":0,"28":0,"29":0,"30":0,"31":0,"32":0,"33":0,"34":0,"35":0,"36":0,"37":0,"38":0,"39":0,"40":0,"41":0,"42":0,"43":0,"44":0,"45":0},"branchMap":{"0":{"type":"branch","line":5,"loc":{"start":{"line":5,"column":63},"end":{"line":5,"column":152}},"locations":[{"start":{"line":5,"column":63},"end":{"line":5,"column":152}}]},"1":{"type":"branch","line":13,"loc":{"start":{"line":13,"column":0},"end":{"line":26,"column":1}},"locations":[{"start":{"line":13,"column":0},"end":{"line":26,"column":1}}]},"2":{"type":"branch","line":20,"loc":{"start":{"line":20,"column":2},"end":{"line":20,"column":16}},"locations":[{"start":{"line":20,"column":2},"end":{"line":20,"column":16}}]}},"b":{"0":[0],"1":[2],"2":[0]},"fnMap":{"0":{"name":"switchDatabaseUrl","decl":{"start":{"line":13,"column":0},"end":{"line":26,"column":1}},"loc":{"start":{"line":13,"column":0},"end":{"line":26,"column":1}},"line":13},"1":{"name":"connectWithRetry","decl":{"start":{"line":28,"column":0},"end":{"line":46,"column":1}},"loc":{"start":{"line":28,"column":0},"end":{"line":46,"column":1}},"line":28}},"f":{"0":2,"1":0}}
,"/Users/solveetcoagula/Desktop/bounty_operations/workspaces/stellar_alerts/apps/api/src/lib/queue.ts": {"path":"/Users/solveetcoagula/Desktop/bounty_operations/workspaces/stellar_alerts/apps/api/src/lib/queue.ts","all":false,"statementMap":{"0":{"start":{"line":1,"column":0},"end":{"line":1,"column":57}},"1":{"start":{"line":2,"column":0},"end":{"line":2,"column":32}},"2":{"start":{"line":3,"column":0},"end":{"line":3,"column":37}},"3":{"start":{"line":4,"column":0},"end":{"line":4,"column":34}},"4":{"start":{"line":5,"column":0},"end":{"line":5,"column":67}},"17":{"start":{"line":18,"column":0},"end":{"line":18,"column":56}},"18":{"start":{"line":19,"column":0},"end":{"line":19,"column":65}},"19":{"start":{"line":20,"column":0},"end":{"line":20,"column":33}},"20":{"start":{"line":21,"column":0},"end":{"line":21,"column":82}},"21":{"start":{"line":22,"column":0},"end":{"line":22,"column":76}},"23":{"start":{"line":24,"column":0},"end":{"line":24,"column":57}},"24":{"start":{"line":25,"column":0},"end":{"line":25,"column":55}},"25":{"start":{"line":26,"column":0},"end":{"line":26,"column":55}},"26":{"start":{"line":27,"column":0},"end":{"line":27,"column":59}},"28":{"start":{"line":29,"column":0},"end":{"line":29,"column":66}},"29":{"start":{"line":30,"column":0},"end":{"line":30,"column":63}},"31":{"start":{"line":32,"column":0},"end":{"line":32,"column":41}},"32":{"start":{"line":33,"column":0},"end":{"line":33,"column":20}},"33":{"start":{"line":34,"column":0},"end":{"line":34,"column":33}},"34":{"start":{"line":35,"column":0},"end":{"line":35,"column":39}},"35":{"start":{"line":36,"column":0},"end":{"line":36,"column":43}},"36":{"start":{"line":37,"column":0},"end":{"line":37,"column":3}},"38":{"start":{"line":39,"column":0},"end":{"line":39,"column":37}},"39":{"start":{"line":40,"column":0},"end":{"line":40,"column":78}},"40":{"start":{"line":41,"column":0},"end":{"line":41,"column":41}},"41":{"start":{"line":42,"column":0},"end":{"line":42,"column":23}},"42":{"start":{"line":43,"column":0},"end":{"line":43,"column":16}},"43":{"start":{"line":44,"column":0},"end":{"line":44,"column":22}},"44":{"start":{"line":45,"column":0},"end":{"line":45,"column":56}},"45":{"start":{"line":46,"column":0},"end":{"line":46,"column":9}},"47":{"start":{"line":48,"column":0},"end":{"line":48,"column":35}},"48":{"start":{"line":49,"column":0},"end":{"line":49,"column":60}},"49":{"start":{"line":50,"column":0},"end":{"line":50,"column":7}},"51":{"start":{"line":52,"column":0},"end":{"line":52,"column":22}},"52":{"start":{"line":53,"column":0},"end":{"line":53,"column":6}},"53":{"start":{"line":54,"column":0},"end":{"line":54,"column":5}},"54":{"start":{"line":55,"column":0},"end":{"line":55,"column":34}},"55":{"start":{"line":56,"column":0},"end":{"line":56,"column":36}},"56":{"start":{"line":57,"column":0},"end":{"line":57,"column":49}},"57":{"start":{"line":58,"column":0},"end":{"line":58,"column":33}},"58":{"start":{"line":59,"column":0},"end":{"line":59,"column":35}},"59":{"start":{"line":60,"column":0},"end":{"line":60,"column":6}},"60":{"start":{"line":61,"column":0},"end":{"line":61,"column":4}},"62":{"start":{"line":63,"column":0},"end":{"line":63,"column":42}},"63":{"start":{"line":64,"column":0},"end":{"line":64,"column":17}},"64":{"start":{"line":65,"column":0},"end":{"line":65,"column":1}},"66":{"start":{"line":67,"column":0},"end":{"line":67,"column":41}},"67":{"start":{"line":68,"column":0},"end":{"line":68,"column":20}},"68":{"start":{"line":69,"column":0},"end":{"line":69,"column":41}},"69":{"start":{"line":70,"column":0},"end":{"line":70,"column":27}},"70":{"start":{"line":71,"column":0},"end":{"line":71,"column":3}},"71":{"start":{"line":72,"column":0},"end":{"line":72,"column":45}},"72":{"start":{"line":73,"column":0},"end":{"line":73,"column":25}},"73":{"start":{"line":74,"column":0},"end":{"line":74,"column":13}},"74":{"start":{"line":75,"column":0},"end":{"line":75,"column":16}},"75":{"start":{"line":76,"column":0},"end":{"line":76,"column":12}},"76":{"start":{"line":77,"column":0},"end":{"line":77,"column":19}},"77":{"start":{"line":78,"column":0},"end":{"line":78,"column":53}},"78":{"start":{"line":79,"column":0},"end":{"line":79,"column":6}},"79":{"start":{"line":80,"column":0},"end":{"line":80,"column":13}},"80":{"start":{"line":81,"column":0},"end":{"line":81,"column":12}},"81":{"start":{"line":82,"column":0},"end":{"line":82,"column":19}},"82":{"start":{"line":83,"column":0},"end":{"line":83,"column":63}},"83":{"start":{"line":84,"column":0},"end":{"line":84,"column":58}},"84":{"start":{"line":85,"column":0},"end":{"line":85,"column":6}},"85":{"start":{"line":86,"column":0},"end":{"line":86,"column":5}},"86":{"start":{"line":87,"column":0},"end":{"line":87,"column":1}},"88":{"start":{"line":89,"column":0},"end":{"line":89,"column":78}},"89":{"start":{"line":90,"column":0},"end":{"line":90,"column":7}},"90":{"start":{"line":91,"column":0},"end":{"line":91,"column":53}},"91":{"start":{"line":92,"column":0},"end":{"line":92,"column":31}},"92":{"start":{"line":93,"column":0},"end":{"line":93,"column":40}},"93":{"start":{"line":94,"column":0},"end":{"line":94,"column":7}},"95":{"start":{"line":96,"column":0},"end":{"line":96,"column":19}},"96":{"start":{"line":97,"column":0},"end":{"line":97,"column":71}},"97":{"start":{"line":98,"column":0},"end":{"line":98,"column":13}},"98":{"start":{"line":99,"column":0},"end":{"line":99,"column":5}},"101":{"start":{"line":102,"column":0},"end":{"line":102,"column":51}},"102":{"start":{"line":103,"column":0},"end":{"line":103,"column":71}},"103":{"start":{"line":104,"column":0},"end":{"line":104,"column":29}},"105":{"start":{"line":106,"column":0},"end":{"line":106,"column":53}},"106":{"start":{"line":107,"column":0},"end":{"line":107,"column":21}},"107":{"start":{"line":108,"column":0},"end":{"line":108,"column":95}},"108":{"start":{"line":109,"column":0},"end":{"line":109,"column":10}},"109":{"start":{"line":110,"column":0},"end":{"line":110,"column":40}},"110":{"start":{"line":111,"column":0},"end":{"line":111,"column":17}},"111":{"start":{"line":112,"column":0},"end":{"line":112,"column":22}},"112":{"start":{"line":113,"column":0},"end":{"line":113,"column":76}},"113":{"start":{"line":114,"column":0},"end":{"line":114,"column":12}},"114":{"start":{"line":115,"column":0},"end":{"line":115,"column":11}},"115":{"start":{"line":116,"column":0},"end":{"line":116,"column":15}},"116":{"start":{"line":117,"column":0},"end":{"line":117,"column":14}},"118":{"start":{"line":119,"column":0},"end":{"line":119,"column":64}},"119":{"start":{"line":120,"column":0},"end":{"line":120,"column":20}},"120":{"start":{"line":121,"column":0},"end":{"line":121,"column":102}},"121":{"start":{"line":122,"column":0},"end":{"line":122,"column":10}},"122":{"start":{"line":123,"column":0},"end":{"line":123,"column":7}},"123":{"start":{"line":124,"column":0},"end":{"line":124,"column":5}},"125":{"start":{"line":126,"column":0},"end":{"line":126,"column":50}},"126":{"start":{"line":127,"column":0},"end":{"line":127,"column":78}},"128":{"start":{"line":129,"column":0},"end":{"line":129,"column":63}},"129":{"start":{"line":130,"column":0},"end":{"line":130,"column":69}},"130":{"start":{"line":131,"column":0},"end":{"line":131,"column":41}},"131":{"start":{"line":132,"column":0},"end":{"line":132,"column":51}},"132":{"start":{"line":133,"column":0},"end":{"line":133,"column":7}},"134":{"start":{"line":135,"column":0},"end":{"line":135,"column":47}},"136":{"start":{"line":137,"column":0},"end":{"line":137,"column":36}},"137":{"start":{"line":138,"column":0},"end":{"line":138,"column":13}},"138":{"start":{"line":139,"column":0},"end":{"line":139,"column":18}},"139":{"start":{"line":140,"column":0},"end":{"line":140,"column":36}},"140":{"start":{"line":141,"column":0},"end":{"line":141,"column":54}},"141":{"start":{"line":142,"column":0},"end":{"line":142,"column":8}},"142":{"start":{"line":143,"column":0},"end":{"line":143,"column":7}},"145":{"start":{"line":146,"column":0},"end":{"line":146,"column":56}},"146":{"start":{"line":147,"column":0},"end":{"line":147,"column":62}},"147":{"start":{"line":148,"column":0},"end":{"line":148,"column":18}},"148":{"start":{"line":149,"column":0},"end":{"line":149,"column":95}},"149":{"start":{"line":150,"column":0},"end":{"line":150,"column":8}},"150":{"start":{"line":151,"column":0},"end":{"line":151,"column":5}},"152":{"start":{"line":153,"column":0},"end":{"line":153,"column":16}},"153":{"start":{"line":154,"column":0},"end":{"line":154,"column":86}},"154":{"start":{"line":155,"column":0},"end":{"line":155,"column":6}},"155":{"start":{"line":156,"column":0},"end":{"line":156,"column":24}},"157":{"start":{"line":158,"column":0},"end":{"line":158,"column":69}},"158":{"start":{"line":159,"column":0},"end":{"line":159,"column":19}},"159":{"start":{"line":160,"column":0},"end":{"line":160,"column":87}},"160":{"start":{"line":161,"column":0},"end":{"line":161,"column":8}},"161":{"start":{"line":162,"column":0},"end":{"line":162,"column":38}},"162":{"start":{"line":163,"column":0},"end":{"line":163,"column":15}},"163":{"start":{"line":164,"column":0},"end":{"line":164,"column":20}},"164":{"start":{"line":165,"column":0},"end":{"line":165,"column":43}},"165":{"start":{"line":166,"column":0},"end":{"line":166,"column":10}},"166":{"start":{"line":167,"column":0},"end":{"line":167,"column":9}},"167":{"start":{"line":168,"column":0},"end":{"line":168,"column":13}},"168":{"start":{"line":169,"column":0},"end":{"line":169,"column":5}},"171":{"start":{"line":172,"column":0},"end":{"line":172,"column":51}},"172":{"start":{"line":173,"column":0},"end":{"line":173,"column":25}},"174":{"start":{"line":175,"column":0},"end":{"line":175,"column":55}},"175":{"start":{"line":176,"column":0},"end":{"line":176,"column":36}},"176":{"start":{"line":177,"column":0},"end":{"line":177,"column":42}},"177":{"start":{"line":178,"column":0},"end":{"line":178,"column":5}},"180":{"start":{"line":181,"column":0},"end":{"line":181,"column":52}},"181":{"start":{"line":182,"column":0},"end":{"line":182,"column":71}},"182":{"start":{"line":183,"column":0},"end":{"line":183,"column":20}},"183":{"start":{"line":184,"column":0},"end":{"line":184,"column":107}},"184":{"start":{"line":185,"column":0},"end":{"line":185,"column":8}},"185":{"start":{"line":186,"column":0},"end":{"line":186,"column":12}},"186":{"start":{"line":187,"column":0},"end":{"line":187,"column":73}},"187":{"start":{"line":188,"column":0},"end":{"line":188,"column":5}},"189":{"start":{"line":190,"column":0},"end":{"line":190,"column":36}},"190":{"start":{"line":191,"column":0},"end":{"line":191,"column":13}},"191":{"start":{"line":192,"column":0},"end":{"line":192,"column":18}},"192":{"start":{"line":193,"column":0},"end":{"line":193,"column":48}},"193":{"start":{"line":194,"column":0},"end":{"line":194,"column":8}},"194":{"start":{"line":195,"column":0},"end":{"line":195,"column":7}},"196":{"start":{"line":197,"column":0},"end":{"line":197,"column":18}},"197":{"start":{"line":198,"column":0},"end":{"line":198,"column":84}},"198":{"start":{"line":199,"column":0},"end":{"line":199,"column":6}},"199":{"start":{"line":200,"column":0},"end":{"line":200,"column":3}},"200":{"start":{"line":201,"column":0},"end":{"line":201,"column":1}},"202":{"start":{"line":203,"column":0},"end":{"line":203,"column":83}},"203":{"start":{"line":204,"column":0},"end":{"line":204,"column":24}},"205":{"start":{"line":206,"column":0},"end":{"line":206,"column":64}},"206":{"start":{"line":207,"column":0},"end":{"line":207,"column":47}},"207":{"start":{"line":208,"column":0},"end":{"line":208,"column":27}},"208":{"start":{"line":209,"column":0},"end":{"line":209,"column":61}},"209":{"start":{"line":210,"column":0},"end":{"line":210,"column":11}},"211":{"start":{"line":212,"column":0},"end":{"line":212,"column":59}},"212":{"start":{"line":213,"column":0},"end":{"line":213,"column":62}},"213":{"start":{"line":214,"column":0},"end":{"line":214,"column":66}},"214":{"start":{"line":215,"column":0},"end":{"line":215,"column":63}},"215":{"start":{"line":216,"column":0},"end":{"line":216,"column":61}},"217":{"start":{"line":218,"column":0},"end":{"line":218,"column":5}},"219":{"start":{"line":220,"column":0},"end":{"line":220,"column":14}},"220":{"start":{"line":221,"column":0},"end":{"line":221,"column":54}},"221":{"start":{"line":222,"column":0},"end":{"line":222,"column":3}},"223":{"start":{"line":224,"column":0},"end":{"line":224,"column":67}},"225":{"start":{"line":226,"column":0},"end":{"line":226,"column":7}},"226":{"start":{"line":227,"column":0},"end":{"line":227,"column":53}},"227":{"start":{"line":228,"column":0},"end":{"line":228,"column":36}},"228":{"start":{"line":229,"column":0},"end":{"line":229,"column":84}},"229":{"start":{"line":230,"column":0},"end":{"line":230,"column":7}},"231":{"start":{"line":232,"column":0},"end":{"line":232,"column":112}},"232":{"start":{"line":233,"column":0},"end":{"line":233,"column":68}},"233":{"start":{"line":234,"column":0},"end":{"line":234,"column":70}},"234":{"start":{"line":235,"column":0},"end":{"line":235,"column":106}},"236":{"start":{"line":237,"column":0},"end":{"line":237,"column":91}},"237":{"start":{"line":238,"column":0},"end":{"line":238,"column":23}},"238":{"start":{"line":239,"column":0},"end":{"line":239,"column":56}},"239":{"start":{"line":240,"column":0},"end":{"line":240,"column":64}},"240":{"start":{"line":241,"column":0},"end":{"line":241,"column":9}},"242":{"start":{"line":243,"column":0},"end":{"line":243,"column":25}},"243":{"start":{"line":244,"column":0},"end":{"line":244,"column":87}},"244":{"start":{"line":245,"column":0},"end":{"line":245,"column":14}},"245":{"start":{"line":246,"column":0},"end":{"line":246,"column":76}},"246":{"start":{"line":247,"column":0},"end":{"line":247,"column":7}},"247":{"start":{"line":248,"column":0},"end":{"line":248,"column":5}},"248":{"start":{"line":249,"column":0},"end":{"line":249,"column":24}},"249":{"start":{"line":250,"column":0},"end":{"line":250,"column":106}},"250":{"start":{"line":251,"column":0},"end":{"line":251,"column":3}},"252":{"start":{"line":253,"column":0},"end":{"line":253,"column":20}},"253":{"start":{"line":254,"column":0},"end":{"line":254,"column":2}},"255":{"start":{"line":256,"column":0},"end":{"line":256,"column":5}},"256":{"start":{"line":257,"column":0},"end":{"line":257,"column":22}},"257":{"start":{"line":258,"column":0},"end":{"line":258,"column":20}},"258":{"start":{"line":259,"column":0},"end":{"line":259,"column":20}},"259":{"start":{"line":260,"column":0},"end":{"line":260,"column":22}},"260":{"start":{"line":261,"column":0},"end":{"line":261,"column":28}},"261":{"start":{"line":262,"column":0},"end":{"line":262,"column":4}},"263":{"start":{"line":264,"column":0},"end":{"line":264,"column":58}},"264":{"start":{"line":265,"column":0},"end":{"line":265,"column":15}},"265":{"start":{"line":266,"column":0},"end":{"line":266,"column":24}},"266":{"start":{"line":267,"column":0},"end":{"line":267,"column":18}},"267":{"start":{"line":268,"column":0},"end":{"line":268,"column":16}},"268":{"start":{"line":269,"column":0},"end":{"line":269,"column":28}},"269":{"start":{"line":270,"column":0},"end":{"line":270,"column":20}},"270":{"start":{"line":271,"column":0},"end":{"line":271,"column":8}},"271":{"start":{"line":272,"column":0},"end":{"line":272,"column":28}},"272":{"start":{"line":273,"column":0},"end":{"line":273,"column":24}},"273":{"start":{"line":274,"column":0},"end":{"line":274,"column":6}},"274":{"start":{"line":275,"column":0},"end":{"line":275,"column":5}},"276":{"start":{"line":277,"column":0},"end":{"line":277,"column":75}},"277":{"start":{"line":278,"column":0},"end":{"line":278,"column":71}},"279":{"start":{"line":280,"column":0},"end":{"line":280,"column":41}},"280":{"start":{"line":281,"column":0},"end":{"line":281,"column":21}},"281":{"start":{"line":282,"column":0},"end":{"line":282,"column":20}},"282":{"start":{"line":283,"column":0},"end":{"line":283,"column":28}},"285":{"start":{"line":286,"column":0},"end":{"line":286,"column":53}},"286":{"start":{"line":287,"column":0},"end":{"line":287,"column":37}},"287":{"start":{"line":288,"column":0},"end":{"line":288,"column":18}},"288":{"start":{"line":289,"column":0},"end":{"line":289,"column":17}},"289":{"start":{"line":290,"column":0},"end":{"line":290,"column":22}},"290":{"start":{"line":291,"column":0},"end":{"line":291,"column":25}},"291":{"start":{"line":292,"column":0},"end":{"line":292,"column":42}},"292":{"start":{"line":293,"column":0},"end":{"line":293,"column":16}},"293":{"start":{"line":294,"column":0},"end":{"line":294,"column":14}},"294":{"start":{"line":295,"column":0},"end":{"line":295,"column":12}},"295":{"start":{"line":296,"column":0},"end":{"line":296,"column":10}},"296":{"start":{"line":297,"column":0},"end":{"line":297,"column":9}},"299":{"start":{"line":300,"column":0},"end":{"line":300,"column":30}},"300":{"start":{"line":301,"column":0},"end":{"line":301,"column":34}},"301":{"start":{"line":302,"column":0},"end":{"line":302,"column":44}},"302":{"start":{"line":303,"column":0},"end":{"line":303,"column":15}},"303":{"start":{"line":304,"column":0},"end":{"line":304,"column":36}},"304":{"start":{"line":305,"column":0},"end":{"line":305,"column":30}},"305":{"start":{"line":306,"column":0},"end":{"line":306,"column":30}},"306":{"start":{"line":307,"column":0},"end":{"line":307,"column":28}},"307":{"start":{"line":308,"column":0},"end":{"line":308,"column":40}},"308":{"start":{"line":309,"column":0},"end":{"line":309,"column":40}},"309":{"start":{"line":310,"column":0},"end":{"line":310,"column":38}},"310":{"start":{"line":311,"column":0},"end":{"line":311,"column":10}},"311":{"start":{"line":312,"column":0},"end":{"line":312,"column":8}},"314":{"start":{"line":315,"column":0},"end":{"line":315,"column":35}},"315":{"start":{"line":316,"column":0},"end":{"line":316,"column":26}},"316":{"start":{"line":317,"column":0},"end":{"line":317,"column":47}},"317":{"start":{"line":318,"column":0},"end":{"line":318,"column":62}},"318":{"start":{"line":319,"column":0},"end":{"line":319,"column":12}},"319":{"start":{"line":320,"column":0},"end":{"line":320,"column":26}},"320":{"start":{"line":321,"column":0},"end":{"line":321,"column":79}},"321":{"start":{"line":322,"column":0},"end":{"line":322,"column":11}},"322":{"start":{"line":323,"column":0},"end":{"line":323,"column":7}},"325":{"start":{"line":326,"column":0},"end":{"line":326,"column":68}},"326":{"start":{"line":327,"column":0},"end":{"line":327,"column":51}},"327":{"start":{"line":328,"column":0},"end":{"line":328,"column":31}},"328":{"start":{"line":329,"column":0},"end":{"line":329,"column":65}},"329":{"start":{"line":330,"column":0},"end":{"line":330,"column":15}},"331":{"start":{"line":332,"column":0},"end":{"line":332,"column":61}},"332":{"start":{"line":333,"column":0},"end":{"line":333,"column":64}},"333":{"start":{"line":334,"column":0},"end":{"line":334,"column":68}},"334":{"start":{"line":335,"column":0},"end":{"line":335,"column":65}},"335":{"start":{"line":336,"column":0},"end":{"line":336,"column":63}},"337":{"start":{"line":338,"column":0},"end":{"line":338,"column":9}},"339":{"start":{"line":340,"column":0},"end":{"line":340,"column":18}},"340":{"start":{"line":341,"column":0},"end":{"line":341,"column":58}},"341":{"start":{"line":342,"column":0},"end":{"line":342,"column":7}},"343":{"start":{"line":344,"column":0},"end":{"line":344,"column":71}},"344":{"start":{"line":345,"column":0},"end":{"line":345,"column":24}},"345":{"start":{"line":346,"column":0},"end":{"line":346,"column":6}},"346":{"start":{"line":347,"column":0},"end":{"line":347,"column":19}},"347":{"start":{"line":348,"column":0},"end":{"line":348,"column":4}},"349":{"start":{"line":350,"column":0},"end":{"line":350,"column":25}},"350":{"start":{"line":351,"column":0},"end":{"line":351,"column":52}},"351":{"start":{"line":352,"column":0},"end":{"line":352,"column":3}},"353":{"start":{"line":354,"column":0},"end":{"line":354,"column":14}},"354":{"start":{"line":355,"column":0},"end":{"line":355,"column":85}},"355":{"start":{"line":356,"column":0},"end":{"line":356,"column":4}},"356":{"start":{"line":357,"column":0},"end":{"line":357,"column":20}},"357":{"start":{"line":358,"column":0},"end":{"line":358,"column":76}},"358":{"start":{"line":359,"column":0},"end":{"line":359,"column":1}},"360":{"start":{"line":361,"column":0},"end":{"line":361,"column":108}},"361":{"start":{"line":362,"column":0},"end":{"line":362,"column":49}},"362":{"start":{"line":363,"column":0},"end":{"line":363,"column":7}},"363":{"start":{"line":364,"column":0},"end":{"line":364,"column":52}},"364":{"start":{"line":365,"column":0},"end":{"line":365,"column":62}},"365":{"start":{"line":366,"column":0},"end":{"line":366,"column":61}},"366":{"start":{"line":367,"column":0},"end":{"line":367,"column":30}},"367":{"start":{"line":368,"column":0},"end":{"line":368,"column":9}},"368":{"start":{"line":369,"column":0},"end":{"line":369,"column":18}},"369":{"start":{"line":370,"column":0},"end":{"line":370,"column":79}},"370":{"start":{"line":371,"column":0},"end":{"line":371,"column":8}},"371":{"start":{"line":372,"column":0},"end":{"line":372,"column":5}},"372":{"start":{"line":373,"column":0},"end":{"line":373,"column":22}},"373":{"start":{"line":374,"column":0},"end":{"line":374,"column":87}},"374":{"start":{"line":375,"column":0},"end":{"line":375,"column":3}},"375":{"start":{"line":376,"column":0},"end":{"line":376,"column":1}},"377":{"start":{"line":378,"column":0},"end":{"line":378,"column":63}},"378":{"start":{"line":379,"column":0},"end":{"line":379,"column":20}},"379":{"start":{"line":380,"column":0},"end":{"line":380,"column":16}},"380":{"start":{"line":381,"column":0},"end":{"line":381,"column":88}},"381":{"start":{"line":382,"column":0},"end":{"line":382,"column":6}},"382":{"start":{"line":383,"column":0},"end":{"line":383,"column":16}},"383":{"start":{"line":384,"column":0},"end":{"line":384,"column":3}},"385":{"start":{"line":386,"column":0},"end":{"line":386,"column":7}},"386":{"start":{"line":387,"column":0},"end":{"line":387,"column":62}},"387":{"start":{"line":388,"column":0},"end":{"line":388,"column":38}},"388":{"start":{"line":389,"column":0},"end":{"line":389,"column":7}},"389":{"start":{"line":390,"column":0},"end":{"line":390,"column":68}},"390":{"start":{"line":391,"column":0},"end":{"line":391,"column":15}},"391":{"start":{"line":392,"column":0},"end":{"line":392,"column":22}},"392":{"start":{"line":393,"column":0},"end":{"line":393,"column":17}},"393":{"start":{"line":394,"column":0},"end":{"line":394,"column":83}},"394":{"start":{"line":395,"column":0},"end":{"line":395,"column":6}},"395":{"start":{"line":396,"column":0},"end":{"line":396,"column":16}},"396":{"start":{"line":397,"column":0},"end":{"line":397,"column":3}},"397":{"start":{"line":398,"column":0},"end":{"line":398,"column":1}}},"s":{"0":1,"1":1,"2":1,"3":1,"4":1,"17":1,"18":1,"19":1,"20":1,"21":1,"23":1,"24":1,"25":1,"26":1,"28":1,"29":1,"31":0,"32":0,"33":0,"34":0,"35":0,"36":0,"38":0,"39":0,"40":0,"41":0,"42":0,"43":0,"44":0,"45":0,"47":0,"48":0,"49":0,"51":0,"52":0,"53":0,"54":0,"55":0,"56":0,"57":0,"58":0,"59":0,"60":0,"62":0,"63":0,"64":0,"66":0,"67":0,"68":0,"69":0,"70":0,"71":0,"72":0,"73":0,"74":0,"75":0,"76":0,"77":0,"78":0,"79":0,"80":0,"81":0,"82":0,"83":0,"84":0,"85":0,"86":0,"88":0,"89":0,"90":0,"91":0,"92":0,"93":0,"95":0,"96":0,"97":0,"98":0,"101":0,"102":0,"103":0,"105":0,"106":0,"107":0,"108":0,"109":0,"110":0,"111":0,"112":0,"113":0,"114":0,"115":0,"116":0,"118":0,"119":0,"120":0,"121":0,"122":0,"123":0,"125":0,"126":0,"128":0,"129":0,"130":0,"131":0,"132":0,"134":0,"136":0,"137":0,"138":0,"139":0,"140":0,"141":0,"142":0,"145":0,"146":0,"147":0,"148":0,"149":0,"150":0,"152":0,"153":0,"154":0,"155":0,"157":0,"158":0,"159":0,"160":0,"161":0,"162":0,"163":0,"164":0,"165":0,"166":0,"167":0,"168":0,"171":0,"172":0,"174":0,"175":0,"176":0,"177":0,"180":0,"181":0,"182":0,"183":0,"184":0,"185":0,"186":0,"187":0,"189":0,"190":0,"191":0,"192":0,"193":0,"194":0,"196":0,"197":0,"198":0,"199":0,"200":0,"202":1,"203":2,"205":2,"206":2,"207":2,"208":2,"209":2,"211":2,"212":2,"213":2,"214":2,"215":2,"217":2,"219":2,"220":0,"221":0,"223":2,"225":2,"226":2,"227":2,"228":2,"229":2,"231":2,"232":1,"233":1,"234":1,"236":1,"237":1,"238":1,"239":1,"240":1,"242":1,"243":0,"244":1,"245":1,"246":1,"247":1,"248":2,"249":0,"250":0,"252":2,"253":2,"255":1,"256":1,"257":1,"258":1,"259":1,"260":1,"261":1,"263":1,"264":1,"265":1,"266":1,"267":1,"268":1,"269":1,"270":1,"271":1,"272":1,"273":1,"274":1,"276":1,"277":1,"279":1,"280":1,"281":1,"282":0,"285":0,"286":0,"287":0,"288":0,"289":0,"290":0,"291":0,"292":0,"293":0,"294":0,"295":0,"296":0,"299":0,"300":0,"301":0,"302":0,"303":0,"304":0,"305":0,"306":0,"307":0,"308":0,"309":0,"310":0,"311":0,"314":0,"315":0,"316":0,"317":0,"318":0,"319":0,"320":0,"321":0,"322":0,"325":0,"326":0,"327":0,"328":0,"329":0,"331":0,"332":0,"333":0,"334":0,"335":0,"337":0,"339":0,"340":0,"341":0,"343":0,"344":0,"345":0,"346":1,"347":1,"349":1,"350":1,"351":1,"353":1,"354":1,"355":1,"356":0,"357":0,"358":0,"360":2,"361":2,"362":2,"363":2,"364":2,"365":1,"366":1,"367":1,"368":1,"369":1,"370":1,"371":1,"372":2,"373":0,"374":0,"375":2,"377":0,"378":0,"379":0,"380":0,"381":0,"382":0,"383":0,"385":0,"386":0,"387":0,"388":0,"389":0,"390":0,"391":0,"392":0,"393":0,"394":0,"395":0,"396":0,"397":0},"branchMap":{"0":{"type":"branch","line":357,"loc":{"start":{"line":357,"column":0},"end":{"line":359,"column":1}},"locations":[{"start":{"line":357,"column":0},"end":{"line":359,"column":1}}]},"1":{"type":"branch","line":203,"loc":{"start":{"line":203,"column":43},"end":{"line":254,"column":2}},"locations":[{"start":{"line":203,"column":43},"end":{"line":254,"column":2}}]},"2":{"type":"branch","line":220,"loc":{"start":{"line":220,"column":13},"end":{"line":222,"column":3}},"locations":[{"start":{"line":220,"column":13},"end":{"line":222,"column":3}}]},"3":{"type":"branch","line":232,"loc":{"start":{"line":232,"column":44},"end":{"line":232,"column":111}},"locations":[{"start":{"line":232,"column":44},"end":{"line":232,"column":111}}]},"4":{"type":"branch","line":232,"loc":{"start":{"line":232,"column":111},"end":{"line":248,"column":5}},"locations":[{"start":{"line":232,"column":111},"end":{"line":248,"column":5}}]},"5":{"type":"branch","line":243,"loc":{"start":{"line":243,"column":24},"end":{"line":245,"column":13}},"locations":[{"start":{"line":243,"column":24},"end":{"line":245,"column":13}}]},"6":{"type":"branch","line":249,"loc":{"start":{"line":249,"column":2},"end":{"line":251,"column":3}},"locations":[{"start":{"line":249,"column":2},"end":{"line":251,"column":3}}]},"7":{"type":"branch","line":361,"loc":{"start":{"line":361,"column":0},"end":{"line":376,"column":1}},"locations":[{"start":{"line":361,"column":0},"end":{"line":376,"column":1}}]},"8":{"type":"branch","line":362,"loc":{"start":{"line":362,"column":42},"end":{"line":362,"column":49}},"locations":[{"start":{"line":362,"column":42},"end":{"line":362,"column":49}}]},"9":{"type":"branch","line":365,"loc":{"start":{"line":365,"column":45},"end":{"line":365,"column":61}},"locations":[{"start":{"line":365,"column":45},"end":{"line":365,"column":61}}]},"10":{"type":"branch","line":365,"loc":{"start":{"line":365,"column":61},"end":{"line":372,"column":5}},"locations":[{"start":{"line":365,"column":61},"end":{"line":372,"column":5}}]},"11":{"type":"branch","line":373,"loc":{"start":{"line":373,"column":2},"end":{"line":375,"column":3}},"locations":[{"start":{"line":373,"column":2},"end":{"line":375,"column":3}}]}},"b":{"0":[0],"1":[2],"2":[0],"3":[1],"4":[1],"5":[0],"6":[0],"7":[2],"8":[0],"9":[0],"10":[1],"11":[0]},"fnMap":{"0":{"name":"getOrCreateCircuitBreaker","decl":{"start":{"line":32,"column":0},"end":{"line":65,"column":1}},"loc":{"start":{"line":32,"column":0},"end":{"line":65,"column":1}},"line":32},"1":{"name":"updateCircuitBreakerState","decl":{"start":{"line":67,"column":0},"end":{"line":87,"column":1}},"loc":{"start":{"line":67,"column":0},"end":{"line":87,"column":1}},"line":67},"2":{"name":"dispatchWebhookAndLog","decl":{"start":{"line":89,"column":0},"end":{"line":201,"column":1}},"loc":{"start":{"line":89,"column":0},"end":{"line":201,"column":1}},"line":89},"3":{"name":"paymentAlertWorkerProcessor","decl":{"start":{"line":203,"column":43},"end":{"line":254,"column":2}},"loc":{"start":{"line":203,"column":43},"end":{"line":254,"column":2}},"line":203},"4":{"name":"__vite_ssr_import_0__.Worker.connection.connection","decl":{"start":{"line":282,"column":4},"end":{"line":346,"column":6}},"loc":{"start":{"line":282,"column":4},"end":{"line":346,"column":6}},"line":282},"5":{"name":"failedJobHandler","decl":{"start":{"line":361,"column":0},"end":{"line":376,"column":1}},"loc":{"start":{"line":361,"column":0},"end":{"line":376,"column":1}},"line":361},"6":{"name":"enqueuePaymentAlert","decl":{"start":{"line":378,"column":0},"end":{"line":398,"column":1}},"loc":{"start":{"line":378,"column":0},"end":{"line":398,"column":1}},"line":378}},"f":{"0":0,"1":0,"2":0,"3":2,"4":0,"5":2,"6":0}}
,"/Users/solveetcoagula/Desktop/bounty_operations/workspaces/stellar_alerts/apps/api/src/lib/redis.ts": {"path":"/Users/solveetcoagula/Desktop/bounty_operations/workspaces/stellar_alerts/apps/api/src/lib/redis.ts","all":false,"statementMap":{"0":{"start":{"line":1,"column":0},"end":{"line":1,"column":28}},"2":{"start":{"line":3,"column":0},"end":{"line":3,"column":56}},"3":{"start":{"line":4,"column":0},"end":{"line":4,"column":65}},"5":{"start":{"line":6,"column":0},"end":{"line":6,"column":32}},"6":{"start":{"line":7,"column":0},"end":{"line":7,"column":18}},"7":{"start":{"line":8,"column":0},"end":{"line":8,"column":18}},"8":{"start":{"line":9,"column":0},"end":{"line":9,"column":89}},"9":{"start":{"line":10,"column":0},"end":{"line":10,"column":26}},"10":{"start":{"line":11,"column":0},"end":{"line":11,"column":3}},"12":{"start":{"line":13,"column":0},"end":{"line":13,"column":28}},"13":{"start":{"line":14,"column":0},"end":{"line":14,"column":59}},"14":{"start":{"line":15,"column":0},"end":{"line":15,"column":3}}},"s":{"0":1,"2":1,"3":1,"5":1,"6":1,"7":1,"8":1,"9":1,"10":1,"12":1,"13":0,"14":0},"branchMap":{},"b":{},"fnMap":{},"f":{}}
,"/Users/solveetcoagula/Desktop/bounty_operations/workspaces/stellar_alerts/apps/api/src/lib/rules-engine.ts": {"path":"/Users/solveetcoagula/Desktop/bounty_operations/workspaces/stellar_alerts/apps/api/src/lib/rules-engine.ts","all":false,"statementMap":{"18":{"start":{"line":19,"column":0},"end":{"line":19,"column":82}},"19":{"start":{"line":20,"column":0},"end":{"line":20,"column":41}},"22":{"start":{"line":23,"column":0},"end":{"line":23,"column":56}},"23":{"start":{"line":24,"column":0},"end":{"line":24,"column":17}},"24":{"start":{"line":25,"column":0},"end":{"line":25,"column":3}},"27":{"start":{"line":28,"column":0},"end":{"line":28,"column":89}},"28":{"start":{"line":29,"column":0},"end":{"line":29,"column":86}},"30":{"start":{"line":31,"column":0},"end":{"line":31,"column":26}},"31":{"start":{"line":32,"column":0},"end":{"line":32,"column":14}},"32":{"start":{"line":33,"column":0},"end":{"line":33,"column":38}},"33":{"start":{"line":34,"column":0},"end":{"line":34,"column":15}},"34":{"start":{"line":35,"column":0},"end":{"line":35,"column":39}},"35":{"start":{"line":36,"column":0},"end":{"line":36,"column":14}},"36":{"start":{"line":37,"column":0},"end":{"line":37,"column":38}},"37":{"start":{"line":38,"column":0},"end":{"line":38,"column":15}},"38":{"start":{"line":39,"column":0},"end":{"line":39,"column":39}},"39":{"start":{"line":40,"column":0},"end":{"line":40,"column":14}},"40":{"start":{"line":41,"column":0},"end":{"line":41,"column":40}},"41":{"start":{"line":42,"column":0},"end":{"line":42,"column":14}},"42":{"start":{"line":43,"column":0},"end":{"line":43,"column":40}},"43":{"start":{"line":44,"column":0},"end":{"line":44,"column":20}},"44":{"start":{"line":45,"column":0},"end":{"line":45,"column":90}},"45":{"start":{"line":46,"column":0},"end":{"line":46,"column":12}},"46":{"start":{"line":47,"column":0},"end":{"line":47,"column":60}},"47":{"start":{"line":48,"column":0},"end":{"line":48,"column":3}},"48":{"start":{"line":49,"column":0},"end":{"line":49,"column":1}},"50":{"start":{"line":51,"column":0},"end":{"line":51,"column":93}},"51":{"start":{"line":52,"column":0},"end":{"line":52,"column":33}},"52":{"start":{"line":53,"column":0},"end":{"line":53,"column":53}},"53":{"start":{"line":54,"column":0},"end":{"line":54,"column":3}},"55":{"start":{"line":56,"column":0},"end":{"line":56,"column":43}},"56":{"start":{"line":57,"column":0},"end":{"line":57,"column":84}},"57":{"start":{"line":58,"column":0},"end":{"line":58,"column":65}},"58":{"start":{"line":59,"column":0},"end":{"line":59,"column":12}},"59":{"start":{"line":60,"column":0},"end":{"line":60,"column":55}},"60":{"start":{"line":61,"column":0},"end":{"line":61,"column":5}},"61":{"start":{"line":62,"column":0},"end":{"line":62,"column":5}},"63":{"start":{"line":64,"column":0},"end":{"line":64,"column":34}},"64":{"start":{"line":65,"column":0},"end":{"line":65,"column":37}},"65":{"start":{"line":66,"column":0},"end":{"line":66,"column":37}},"66":{"start":{"line":67,"column":0},"end":{"line":67,"column":1}},"68":{"start":{"line":69,"column":0},"end":{"line":69,"column":100}},"70":{"start":{"line":71,"column":0},"end":{"line":71,"column":55}},"71":{"start":{"line":72,"column":0},"end":{"line":72,"column":16}},"72":{"start":{"line":73,"column":0},"end":{"line":73,"column":3}},"74":{"start":{"line":75,"column":0},"end":{"line":75,"column":7}},"75":{"start":{"line":76,"column":0},"end":{"line":76,"column":51}},"76":{"start":{"line":77,"column":0},"end":{"line":77,"column":19}},"77":{"start":{"line":78,"column":0},"end":{"line":78,"column":73}},"79":{"start":{"line":80,"column":0},"end":{"line":80,"column":16}},"80":{"start":{"line":81,"column":0},"end":{"line":81,"column":3}},"81":{"start":{"line":82,"column":0},"end":{"line":82,"column":1}},"83":{"start":{"line":84,"column":0},"end":{"line":84,"column":79}},"84":{"start":{"line":85,"column":0},"end":{"line":85,"column":10}},"85":{"start":{"line":86,"column":0},"end":{"line":86,"column":20}},"86":{"start":{"line":87,"column":0},"end":{"line":87,"column":12}},"87":{"start":{"line":88,"column":0},"end":{"line":88,"column":7}},"88":{"start":{"line":89,"column":0},"end":{"line":89,"column":24}},"89":{"start":{"line":90,"column":0},"end":{"line":90,"column":24}},"90":{"start":{"line":91,"column":0},"end":{"line":91,"column":25}},"91":{"start":{"line":92,"column":0},"end":{"line":92,"column":8}},"92":{"start":{"line":93,"column":0},"end":{"line":93,"column":6}},"93":{"start":{"line":94,"column":0},"end":{"line":94,"column":4}},"94":{"start":{"line":95,"column":0},"end":{"line":95,"column":1}},"96":{"start":{"line":97,"column":0},"end":{"line":97,"column":81}},"97":{"start":{"line":98,"column":0},"end":{"line":98,"column":35}},"98":{"start":{"line":99,"column":0},"end":{"line":99,"column":41}},"99":{"start":{"line":100,"column":0},"end":{"line":100,"column":3}},"101":{"start":{"line":102,"column":0},"end":{"line":102,"column":35}},"102":{"start":{"line":103,"column":0},"end":{"line":103,"column":12}},"103":{"start":{"line":104,"column":0},"end":{"line":104,"column":22}},"104":{"start":{"line":105,"column":0},"end":{"line":105,"column":14}},"105":{"start":{"line":106,"column":0},"end":{"line":106,"column":9}},"106":{"start":{"line":107,"column":0},"end":{"line":107,"column":25}},"107":{"start":{"line":108,"column":0},"end":{"line":108,"column":25}},"108":{"start":{"line":109,"column":0},"end":{"line":109,"column":34}},"109":{"start":{"line":110,"column":0},"end":{"line":110,"column":10}},"110":{"start":{"line":111,"column":0},"end":{"line":111,"column":8}},"111":{"start":{"line":112,"column":0},"end":{"line":112,"column":6}},"112":{"start":{"line":113,"column":0},"end":{"line":113,"column":3}},"114":{"start":{"line":115,"column":0},"end":{"line":115,"column":10}},"115":{"start":{"line":116,"column":0},"end":{"line":116,"column":19}},"116":{"start":{"line":117,"column":0},"end":{"line":117,"column":40}},"117":{"start":{"line":118,"column":0},"end":{"line":118,"column":30}},"118":{"start":{"line":119,"column":0},"end":{"line":119,"column":30}},"119":{"start":{"line":120,"column":0},"end":{"line":120,"column":19}},"120":{"start":{"line":121,"column":0},"end":{"line":121,"column":8}},"121":{"start":{"line":122,"column":0},"end":{"line":122,"column":4}},"122":{"start":{"line":123,"column":0},"end":{"line":123,"column":1}},"124":{"start":{"line":125,"column":0},"end":{"line":125,"column":101}},"125":{"start":{"line":126,"column":0},"end":{"line":126,"column":53}},"127":{"start":{"line":128,"column":0},"end":{"line":128,"column":49}},"128":{"start":{"line":129,"column":0},"end":{"line":129,"column":53}},"129":{"start":{"line":130,"column":0},"end":{"line":130,"column":3}},"131":{"start":{"line":132,"column":0},"end":{"line":132,"column":50}},"132":{"start":{"line":133,"column":0},"end":{"line":133,"column":53}},"133":{"start":{"line":134,"column":0},"end":{"line":134,"column":3}},"135":{"start":{"line":136,"column":0},"end":{"line":136,"column":27}},"136":{"start":{"line":137,"column":0},"end":{"line":137,"column":42}},"137":{"start":{"line":138,"column":0},"end":{"line":138,"column":3}},"139":{"start":{"line":140,"column":0},"end":{"line":140,"column":27}},"140":{"start":{"line":141,"column":0},"end":{"line":141,"column":39}},"141":{"start":{"line":142,"column":0},"end":{"line":142,"column":3}},"143":{"start":{"line":144,"column":0},"end":{"line":144,"column":10}},"144":{"start":{"line":145,"column":0},"end":{"line":145,"column":20}},"145":{"start":{"line":146,"column":0},"end":{"line":146,"column":10}},"146":{"start":{"line":147,"column":0},"end":{"line":147,"column":4}},"147":{"start":{"line":148,"column":0},"end":{"line":148,"column":1}}},"s":{"18":1,"19":84,"22":84,"23":2,"24":2,"27":84,"28":84,"30":84,"31":84,"32":3,"33":84,"34":26,"35":84,"36":2,"37":84,"38":2,"39":84,"40":38,"41":84,"42":2,"43":84,"44":9,"45":84,"46":0,"47":84,"48":84,"50":1,"51":50,"52":2,"53":2,"55":48,"56":81,"57":17,"58":81,"59":64,"60":64,"61":48,"63":48,"64":30,"65":18,"66":50,"68":1,"70":15,"71":2,"72":2,"74":13,"75":13,"76":15,"77":0,"79":0,"80":0,"81":15,"83":1,"84":6,"85":6,"86":6,"87":6,"88":6,"89":6,"90":6,"91":6,"92":6,"93":6,"94":6,"96":1,"97":9,"98":1,"99":1,"101":9,"102":3,"103":3,"104":3,"105":3,"106":3,"107":3,"108":3,"109":3,"110":3,"111":3,"112":3,"114":5,"115":5,"116":5,"117":10,"118":10,"119":10,"120":5,"121":5,"122":5,"124":1,"125":6,"127":6,"128":3,"129":3,"131":6,"132":4,"133":4,"135":6,"136":1,"137":1,"139":6,"140":3,"141":3,"143":2,"144":2,"145":2,"146":2,"147":2},"branchMap":{"0":{"type":"branch","line":19,"loc":{"start":{"line":19,"column":7},"end":{"line":49,"column":1}},"locations":[{"start":{"line":19,"column":7},"end":{"line":49,"column":1}}]},"1":{"type":"branch","line":23,"loc":{"start":{"line":23,"column":21},"end":{"line":23,"column":55}},"locations":[{"start":{"line":23,"column":21},"end":{"line":23,"column":55}}]},"2":{"type":"branch","line":23,"loc":{"start":{"line":23,"column":55},"end":{"line":25,"column":3}},"locations":[{"start":{"line":23,"column":55},"end":{"line":25,"column":3}}]},"3":{"type":"branch","line":25,"loc":{"start":{"line":25,"column":2},"end":{"line":28,"column":49}},"locations":[{"start":{"line":25,"column":2},"end":{"line":28,"column":49}}]},"4":{"type":"branch","line":28,"loc":{"start":{"line":28,"column":38},"end":{"line":28,"column":70}},"locations":[{"start":{"line":28,"column":38},"end":{"line":28,"column":70}}]},"5":{"type":"branch","line":28,"loc":{"start":{"line":28,"column":66},"end":{"line":28,"column":89}},"locations":[{"start":{"line":28,"column":66},"end":{"line":28,"column":89}}]},"6":{"type":"branch","line":29,"loc":{"start":{"line":29,"column":35},"end":{"line":29,"column":67}},"locations":[{"start":{"line":29,"column":35},"end":{"line":29,"column":67}}]},"7":{"type":"branch","line":29,"loc":{"start":{"line":29,"column":63},"end":{"line":29,"column":86}},"locations":[{"start":{"line":29,"column":63},"end":{"line":29,"column":86}}]},"8":{"type":"branch","line":32,"loc":{"start":{"line":32,"column":4},"end":{"line":33,"column":38}},"locations":[{"start":{"line":32,"column":4},"end":{"line":33,"column":38}}]},"9":{"type":"branch","line":34,"loc":{"start":{"line":34,"column":4},"end":{"line":35,"column":39}},"locations":[{"start":{"line":34,"column":4},"end":{"line":35,"column":39}}]},"10":{"type":"branch","line":36,"loc":{"start":{"line":36,"column":4},"end":{"line":37,"column":38}},"locations":[{"start":{"line":36,"column":4},"end":{"line":37,"column":38}}]},"11":{"type":"branch","line":38,"loc":{"start":{"line":38,"column":4},"end":{"line":39,"column":39}},"locations":[{"start":{"line":38,"column":4},"end":{"line":39,"column":39}}]},"12":{"type":"branch","line":40,"loc":{"start":{"line":40,"column":4},"end":{"line":41,"column":40}},"locations":[{"start":{"line":40,"column":4},"end":{"line":41,"column":40}}]},"13":{"type":"branch","line":42,"loc":{"start":{"line":42,"column":4},"end":{"line":43,"column":40}},"locations":[{"start":{"line":42,"column":4},"end":{"line":43,"column":40}}]},"14":{"type":"branch","line":44,"loc":{"start":{"line":44,"column":4},"end":{"line":45,"column":90}},"locations":[{"start":{"line":44,"column":4},"end":{"line":45,"column":90}}]},"15":{"type":"branch","line":46,"loc":{"start":{"line":46,"column":4},"end":{"line":47,"column":60}},"locations":[{"start":{"line":46,"column":4},"end":{"line":47,"column":60}}]},"16":{"type":"branch","line":51,"loc":{"start":{"line":51,"column":7},"end":{"line":67,"column":1}},"locations":[{"start":{"line":51,"column":7},"end":{"line":67,"column":1}}]},"17":{"type":"branch","line":52,"loc":{"start":{"line":52,"column":32},"end":{"line":54,"column":3}},"locations":[{"start":{"line":52,"column":32},"end":{"line":54,"column":3}}]},"18":{"type":"branch","line":54,"loc":{"start":{"line":54,"column":2},"end":{"line":64,"column":34}},"locations":[{"start":{"line":54,"column":2},"end":{"line":64,"column":34}}]},"19":{"type":"branch","line":64,"loc":{"start":{"line":64,"column":28},"end":{"line":65,"column":37}},"locations":[{"start":{"line":64,"column":28},"end":{"line":65,"column":37}}]},"20":{"type":"branch","line":65,"loc":{"start":{"line":65,"column":36},"end":{"line":66,"column":37}},"locations":[{"start":{"line":65,"column":36},"end":{"line":66,"column":37}}]},"21":{"type":"branch","line":56,"loc":{"start":{"line":56,"column":34},"end":{"line":62,"column":3}},"locations":[{"start":{"line":56,"column":34},"end":{"line":62,"column":3}}]},"22":{"type":"branch","line":57,"loc":{"start":{"line":57,"column":49},"end":{"line":57,"column":83}},"locations":[{"start":{"line":57,"column":49},"end":{"line":57,"column":83}}]},"23":{"type":"branch","line":57,"loc":{"start":{"line":57,"column":83},"end":{"line":59,"column":11}},"locations":[{"start":{"line":57,"column":83},"end":{"line":59,"column":11}}]},"24":{"type":"branch","line":59,"loc":{"start":{"line":59,"column":4},"end":{"line":61,"column":5}},"locations":[{"start":{"line":59,"column":4},"end":{"line":61,"column":5}}]},"25":{"type":"branch","line":65,"loc":{"start":{"line":65,"column":20},"end":{"line":65,"column":36}},"locations":[{"start":{"line":65,"column":20},"end":{"line":65,"column":36}}]},"26":{"type":"branch","line":66,"loc":{"start":{"line":66,"column":19},"end":{"line":66,"column":35}},"locations":[{"start":{"line":66,"column":19},"end":{"line":66,"column":35}}]},"27":{"type":"branch","line":69,"loc":{"start":{"line":69,"column":7},"end":{"line":82,"column":1}},"locations":[{"start":{"line":69,"column":7},"end":{"line":82,"column":1}}]},"28":{"type":"branch","line":71,"loc":{"start":{"line":71,"column":7},"end":{"line":71,"column":54}},"locations":[{"start":{"line":71,"column":7},"end":{"line":71,"column":54}}]},"29":{"type":"branch","line":71,"loc":{"start":{"line":71,"column":54},"end":{"line":73,"column":3}},"locations":[{"start":{"line":71,"column":54},"end":{"line":73,"column":3}}]},"30":{"type":"branch","line":73,"loc":{"start":{"line":73,"column":2},"end":{"line":77,"column":11}},"locations":[{"start":{"line":73,"column":2},"end":{"line":77,"column":11}}]},"31":{"type":"branch","line":77,"loc":{"start":{"line":77,"column":2},"end":{"line":81,"column":3}},"locations":[{"start":{"line":77,"column":2},"end":{"line":81,"column":3}}]},"32":{"type":"branch","line":84,"loc":{"start":{"line":84,"column":7},"end":{"line":95,"column":1}},"locations":[{"start":{"line":84,"column":7},"end":{"line":95,"column":1}}]},"33":{"type":"branch","line":97,"loc":{"start":{"line":97,"column":7},"end":{"line":123,"column":1}},"locations":[{"start":{"line":97,"column":7},"end":{"line":123,"column":1}}]},"34":{"type":"branch","line":98,"loc":{"start":{"line":98,"column":34},"end":{"line":100,"column":3}},"locations":[{"start":{"line":98,"column":34},"end":{"line":100,"column":3}}]},"35":{"type":"branch","line":100,"loc":{"start":{"line":100,"column":2},"end":{"line":102,"column":34}},"locations":[{"start":{"line":100,"column":2},"end":{"line":102,"column":34}}]},"36":{"type":"branch","line":102,"loc":{"start":{"line":102,"column":34},"end":{"line":113,"column":3}},"locations":[{"start":{"line":102,"column":34},"end":{"line":113,"column":3}}]},"37":{"type":"branch","line":113,"loc":{"start":{"line":113,"column":2},"end":{"line":123,"column":1}},"locations":[{"start":{"line":113,"column":2},"end":{"line":123,"column":1}}]},"38":{"type":"branch","line":117,"loc":{"start":{"line":117,"column":29},"end":{"line":121,"column":6}},"locations":[{"start":{"line":117,"column":29},"end":{"line":121,"column":6}}]},"39":{"type":"branch","line":125,"loc":{"start":{"line":125,"column":7},"end":{"line":148,"column":1}},"locations":[{"start":{"line":125,"column":7},"end":{"line":148,"column":1}}]},"40":{"type":"branch","line":128,"loc":{"start":{"line":128,"column":20},"end":{"line":128,"column":48}},"locations":[{"start":{"line":128,"column":20},"end":{"line":128,"column":48}}]},"41":{"type":"branch","line":128,"loc":{"start":{"line":128,"column":48},"end":{"line":130,"column":3}},"locations":[{"start":{"line":128,"column":48},"end":{"line":130,"column":3}}]},"42":{"type":"branch","line":132,"loc":{"start":{"line":132,"column":6},"end":{"line":132,"column":49}},"locations":[{"start":{"line":132,"column":6},"end":{"line":132,"column":49}}]},"43":{"type":"branch","line":132,"loc":{"start":{"line":132,"column":49},"end":{"line":134,"column":3}},"locations":[{"start":{"line":132,"column":49},"end":{"line":134,"column":3}}]},"44":{"type":"branch","line":136,"loc":{"start":{"line":136,"column":26},"end":{"line":138,"column":3}},"locations":[{"start":{"line":136,"column":26},"end":{"line":138,"column":3}}]},"45":{"type":"branch","line":138,"loc":{"start":{"line":138,"column":2},"end":{"line":140,"column":26}},"locations":[{"start":{"line":138,"column":2},"end":{"line":140,"column":26}}]},"46":{"type":"branch","line":140,"loc":{"start":{"line":140,"column":26},"end":{"line":142,"column":3}},"locations":[{"start":{"line":140,"column":26},"end":{"line":142,"column":3}}]},"47":{"type":"branch","line":142,"loc":{"start":{"line":142,"column":2},"end":{"line":148,"column":1}},"locations":[{"start":{"line":142,"column":2},"end":{"line":148,"column":1}}]}},"b":{"0":[84],"1":[83],"2":[2],"3":[82],"4":[33],"5":[49],"6":[33],"7":[49],"8":[3],"9":[26],"10":[2],"11":[2],"12":[38],"13":[2],"14":[9],"15":[0],"16":[50],"17":[2],"18":[48],"19":[30],"20":[18],"21":[81],"22":[73],"23":[17],"24":[64],"25":[41],"26":[28],"27":[15],"28":[14],"29":[2],"30":[13],"31":[0],"32":[6],"33":[9],"34":[1],"35":[8],"36":[3],"37":[5],"38":[10],"39":[6],"40":[4],"41":[3],"42":[4],"43":[4],"44":[1],"45":[5],"46":[3],"47":[2]},"fnMap":{"0":{"name":"evaluateRule","decl":{"start":{"line":19,"column":7},"end":{"line":49,"column":1}},"loc":{"start":{"line":19,"column":7},"end":{"line":49,"column":1}},"line":19},"1":{"name":"evaluateRuleGroup","decl":{"start":{"line":51,"column":7},"end":{"line":67,"column":1}},"loc":{"start":{"line":51,"column":7},"end":{"line":67,"column":1}},"line":51},"2":{"name":"shouldAlert","decl":{"start":{"line":69,"column":7},"end":{"line":82,"column":1}},"loc":{"start":{"line":69,"column":7},"end":{"line":82,"column":1}},"line":69},"3":{"name":"createAmountThresholdRule","decl":{"start":{"line":84,"column":7},"end":{"line":95,"column":1}},"loc":{"start":{"line":84,"column":7},"end":{"line":95,"column":1}},"line":84},"4":{"name":"createAssetFilterRule","decl":{"start":{"line":97,"column":7},"end":{"line":123,"column":1}},"loc":{"start":{"line":97,"column":7},"end":{"line":123,"column":1}},"line":97},"5":{"name":"createCombinedFilter","decl":{"start":{"line":125,"column":7},"end":{"line":148,"column":1}},"loc":{"start":{"line":125,"column":7},"end":{"line":148,"column":1}},"line":125}},"f":{"0":84,"1":50,"2":15,"3":6,"4":9,"5":6}}
[...]
lumn":60}}]},"28":{"type":"branch","line":85,"loc":{"start":{"line":85,"column":31},"end":{"line":85,"column":56}},"locations":[{"start":{"line":85,"column":31},"end":{"line":85,"column":56}}]},"29":{"type":"branch","line":86,"loc":{"start":{"line":86,"column":35},"end":{"line":86,"column":61}},"locations":[{"start":{"line":86,"column":35},"end":{"line":86,"column":61}}]},"30":{"type":"branch","line":137,"loc":{"start":{"line":137,"column":7},"end":{"line":182,"column":1}},"locations":[{"start":{"line":137,"column":7},"end":{"line":182,"column":1}}]},"31":{"type":"branch","line":144,"loc":{"start":{"line":144,"column":83},"end":{"line":146,"column":3}},"locations":[{"start":{"line":144,"column":83},"end":{"line":146,"column":3}}]},"32":{"type":"branch","line":153,"loc":{"start":{"line":153,"column":40},"end":{"line":153,"column":53}},"locations":[{"start":{"line":153,"column":40},"end":{"line":153,"column":53}}]},"33":{"type":"branch","line":157,"loc":{"start":{"line":157,"column":49},"end":{"line":157,"column":75}},"locations":[{"start":{"line":157,"column":49},"end":{"line":157,"column":75}}]},"34":{"type":"branch","line":159,"loc":{"start":{"line":159,"column":24},"end":{"line":159,"column":37}},"locations":[{"start":{"line":159,"column":24},"end":{"line":159,"column":37}}]},"35":{"type":"branch","line":161,"loc":{"start":{"line":161,"column":54},"end":{"line":163,"column":3}},"locations":[{"start":{"line":161,"column":54},"end":{"line":163,"column":3}}]},"36":{"type":"branch","line":163,"loc":{"start":{"line":163,"column":2},"end":{"line":169,"column":94}},"locations":[{"start":{"line":163,"column":2},"end":{"line":169,"column":94}}]},"37":{"type":"branch","line":169,"loc":{"start":{"line":169,"column":94},"end":{"line":182,"column":1}},"locations":[{"start":{"line":169,"column":94},"end":{"line":182,"column":1}}]},"38":{"type":"branch","line":170,"loc":{"start":{"line":170,"column":9},"end":{"line":170,"column":38}},"locations":[{"start":{"line":170,"column":9},"end":{"line":170,"column":38}}]},"39":{"type":"branch","line":170,"loc":{"start":{"line":170,"column":38},"end":{"line":177,"column":5}},"locations":[{"start":{"line":170,"column":38},"end":{"line":177,"column":5}}]},"40":{"type":"branch","line":149,"loc":{"start":{"line":149,"column":35},"end":{"line":149,"column":60}},"locations":[{"start":{"line":149,"column":35},"end":{"line":149,"column":60}}]},"41":{"type":"branch","line":150,"loc":{"start":{"line":150,"column":31},"end":{"line":150,"column":56}},"locations":[{"start":{"line":150,"column":31},"end":{"line":150,"column":56}}]},"42":{"type":"branch","line":151,"loc":{"start":{"line":151,"column":35},"end":{"line":151,"column":61}},"locations":[{"start":{"line":151,"column":35},"end":{"line":151,"column":61}}]}},"b":{"0":[29],"1":[0],"2":[0],"3":[17],"4":[13],"5":[4],"6":[0],"7":[2],"8":[15],"9":[16],"10":[15],"11":[2],"12":[15],"13":[0],"14":[15],"15":[0],"16":[1],"17":[14],"18":[3],"19":[11],"20":[2],"21":[0],"22":[0],"23":[9],"24":[7],"25":[1],"26":[8],"27":[15],"28":[30],"29":[45],"30":[3],"31":[0],"32":[0],"33":[0],"34":[0],"35":[1],"36":[2],"37":[1],"38":[0],"39":[0],"40":[3],"41":[6],"42":[9]},"fnMap":{"0":{"name":"generateWebhookSignature","decl":{"start":{"line":31,"column":7},"end":{"line":50,"column":1}},"loc":{"start":{"line":31,"column":7},"end":{"line":50,"column":1}},"line":31},"1":{"name":"verifyWebhookSignature","decl":{"start":{"line":64,"column":0},"end":{"line":132,"column":1}},"loc":{"start":{"line":64,"column":0},"end":{"line":132,"column":1}},"line":64},"2":{"name":"verifyWebhookSignatureSync","decl":{"start":{"line":137,"column":7},"end":{"line":182,"column":1}},"loc":{"start":{"line":137,"column":7},"end":{"line":182,"column":1}},"line":137}},"f":{"0":29,"1":17,"2":3}}
,"/Users/solveetcoagula/Desktop/bounty_operations/workspaces/stellar_alerts/apps/api/src/utils/whatsapp.ts": {"path":"/Users/solveetcoagula/Desktop/bounty_operations/workspaces/stellar_alerts/apps/api/src/utils/whatsapp.ts","all":false,"statementMap":{"4":{"start":{"line":5,"column":0},"end":{"line":5,"column":76}},"5":{"start":{"line":6,"column":0},"end":{"line":6,"column":25}},"6":{"start":{"line":7,"column":0},"end":{"line":7,"column":42}},"7":{"start":{"line":8,"column":0},"end":{"line":8,"column":57}},"8":{"start":{"line":9,"column":0},"end":{"line":9,"column":60}},"9":{"start":{"line":10,"column":0},"end":{"line":10,"column":14}},"10":{"start":{"line":11,"column":0},"end":{"line":11,"column":1}},"12":{"start":{"line":13,"column":0},"end":{"line":13,"column":99}},"13":{"start":{"line":14,"column":0},"end":{"line":14,"column":17}},"14":{"start":{"line":15,"column":0},"end":{"line":15,"column":14}},"15":{"start":{"line":16,"column":0},"end":{"line":16,"column":14}},"16":{"start":{"line":17,"column":0},"end":{"line":17,"column":45}},"17":{"start":{"line":18,"column":0},"end":{"line":18,"column":48}},"18":{"start":{"line":19,"column":0},"end":{"line":19,"column":36}},"19":{"start":{"line":20,"column":0},"end":{"line":20,"column":40}},"20":{"start":{"line":21,"column":0},"end":{"line":21,"column":38}},"21":{"start":{"line":22,"column":0},"end":{"line":22,"column":19}},"22":{"start":{"line":23,"column":0},"end":{"line":23,"column":14}},"23":{"start":{"line":24,"column":0},"end":{"line":24,"column":14}},"24":{"start":{"line":25,"column":0},"end":{"line":25,"column":49}},"25":{"start":{"line":26,"column":0},"end":{"line":26,"column":48}},"26":{"start":{"line":27,"column":0},"end":{"line":27,"column":36}},"27":{"start":{"line":28,"column":0},"end":{"line":28,"column":38}},"28":{"start":{"line":29,"column":0},"end":{"line":29,"column":37}},"29":{"start":{"line":30,"column":0},"end":{"line":30,"column":19}},"30":{"start":{"line":31,"column":0},"end":{"line":31,"column":14}},"31":{"start":{"line":32,"column":0},"end":{"line":32,"column":12}},"32":{"start":{"line":33,"column":0},"end":{"line":33,"column":14}},"33":{"start":{"line":34,"column":0},"end":{"line":34,"column":44}},"34":{"start":{"line":35,"column":0},"end":{"line":35,"column":49}},"35":{"start":{"line":36,"column":0},"end":{"line":36,"column":38}},"36":{"start":{"line":37,"column":0},"end":{"line":37,"column":40}},"37":{"start":{"line":38,"column":0},"end":{"line":38,"column":44}},"38":{"start":{"line":39,"column":0},"end":{"line":39,"column":19}},"39":{"start":{"line":40,"column":0},"end":{"line":40,"column":3}},"40":{"start":{"line":41,"column":0},"end":{"line":41,"column":1}},"42":{"start":{"line":43,"column":0},"end":{"line":43,"column":42}},"43":{"start":{"line":44,"column":0},"end":{"line":44,"column":24}},"44":{"start":{"line":45,"column":0},"end":{"line":45,"column":21}},"45":{"start":{"line":46,"column":0},"end":{"line":46,"column":25}},"46":{"start":{"line":47,"column":0},"end":{"line":47,"column":3}},"47":{"start":{"line":48,"column":0},"end":{"line":48,"column":43}},"48":{"start":{"line":49,"column":0},"end":{"line":49,"column":56}},"50":{"start":{"line":51,"column":0},"end":{"line":51,"column":10}},"51":{"start":{"line":52,"column":0},"end":{"line":52,"column":34}},"52":{"start":{"line":53,"column":0},"end":{"line":53,"column":33}},"53":{"start":{"line":54,"column":0},"end":{"line":54,"column":22}},"54":{"start":{"line":55,"column":0},"end":{"line":55,"column":17}},"55":{"start":{"line":56,"column":0},"end":{"line":56,"column":11}},"56":{"start":{"line":57,"column":0},"end":{"line":57,"column":25}},"57":{"start":{"line":58,"column":0},"end":{"line":58,"column":24}},"58":{"start":{"line":59,"column":0},"end":{"line":59,"column":6}},"59":{"start":{"line":60,"column":0},"end":{"line":60,"column":15}},"60":{"start":{"line":61,"column":0},"end":{"line":61,"column":52}},"61":{"start":{"line":62,"column":0},"end":{"line":62,"column":17}},"62":{"start":{"line":63,"column":0},"end":{"line":63,"column":33}},"63":{"start":{"line":64,"column":0},"end":{"line":64,"column":8}},"64":{"start":{"line":65,"column":0},"end":{"line":65,"column":19}},"65":{"start":{"line":66,"column":0},"end":{"line":66,"column":9}},"66":{"start":{"line":67,"column":0},"end":{"line":67,"column":23}},"67":{"start":{"line":68,"column":0},"end":{"line":68,"column":23}},"68":{"start":{"line":69,"column":0},"end":{"line":69,"column":48}},"69":{"start":{"line":70,"column":0},"end":{"line":70,"column":47}},"70":{"start":{"line":71,"column":0},"end":{"line":71,"column":53}},"71":{"start":{"line":72,"column":0},"end":{"line":72,"column":48}},"72":{"start":{"line":73,"column":0},"end":{"line":73,"column":12}},"73":{"start":{"line":74,"column":0},"end":{"line":74,"column":10}},"74":{"start":{"line":75,"column":0},"end":{"line":75,"column":8}},"75":{"start":{"line":76,"column":0},"end":{"line":76,"column":6}},"76":{"start":{"line":77,"column":0},"end":{"line":77,"column":4}},"77":{"start":{"line":78,"column":0},"end":{"line":78,"column":1}},"79":{"start":{"line":80,"column":0},"end":{"line":80,"column":44}},"80":{"start":{"line":81,"column":0},"end":{"line":81,"column":22}},"81":{"start":{"line":82,"column":0},"end":{"line":82,"column":21}},"82":{"start":{"line":83,"column":0},"end":{"line":83,"column":25}},"83":{"start":{"line":84,"column":0},"end":{"line":84,"column":21}},"84":{"start":{"line":85,"column":0},"end":{"line":85,"column":24}},"85":{"start":{"line":86,"column":0},"end":{"line":86,"column":35}},"86":{"start":{"line":87,"column":0},"end":{"line":87,"column":109}},"87":{"start":{"line":88,"column":0},"end":{"line":88,"column":80}},"89":{"start":{"line":90,"column":0},"end":{"line":90,"column":73}},"91":{"start":{"line":92,"column":0},"end":{"line":92,"column":7}},"92":{"start":{"line":93,"column":0},"end":{"line":93,"column":45}},"93":{"start":{"line":94,"column":0},"end":{"line":94,"column":21}},"94":{"start":{"line":95,"column":0},"end":{"line":95,"column":16}},"95":{"start":{"line":96,"column":0},"end":{"line":96,"column":49}},"96":{"start":{"line":97,"column":0},"end":{"line":97,"column":43}},"97":{"start":{"line":98,"column":0},"end":{"line":98,"column":8}},"98":{"start":{"line":99,"column":0},"end":{"line":99,"column":36}},"99":{"start":{"line":100,"column":0},"end":{"line":100,"column":41}},"100":{"start":{"line":101,"column":0},"end":{"line":101,"column":7}},"102":{"start":{"line":103,"column":0},"end":{"line":103,"column":18}},"103":{"start":{"line":104,"column":0},"end":{"line":104,"column":41}},"104":{"start":{"line":105,"column":0},"end":{"line":105,"column":92}},"105":{"start":{"line":106,"column":0},"end":{"line":106,"column":19}},"106":{"start":{"line":107,"column":0},"end":{"line":107,"column":5}},"108":{"start":{"line":109,"column":0},"end":{"line":109,"column":129}},"109":{"start":{"line":110,"column":0},"end":{"line":110,"column":16}},"110":{"start":{"line":111,"column":0},"end":{"line":111,"column":22}},"111":{"start":{"line":112,"column":0},"end":{"line":112,"column":103}},"112":{"start":{"line":113,"column":0},"end":{"line":113,"column":17}},"113":{"start":{"line":114,"column":0},"end":{"line":114,"column":3}},"114":{"start":{"line":115,"column":0},"end":{"line":115,"column":1}}},"s":{"4":1,"5":10,"6":9,"7":10,"8":10,"9":3,"10":3,"12":1,"13":6,"14":6,"15":2,"16":2,"17":2,"18":2,"19":2,"20":2,"21":2,"22":6,"23":2,"24":2,"25":2,"26":2,"27":2,"28":2,"29":2,"30":6,"31":6,"32":2,"33":2,"34":2,"35":2,"36":2,"37":2,"38":2,"39":6,"40":6,"42":1,"43":3,"44":3,"45":3,"46":3,"47":3,"48":3,"50":3,"51":3,"52":3,"53":3,"54":3,"55":3,"56":3,"57":3,"58":3,"59":3,"60":3,"61":3,"62":3,"63":3,"64":3,"65":3,"66":3,"67":3,"68":3,"69":3,"70":3,"71":3,"72":3,"73":3,"74":3,"75":3,"76":3,"77":3,"79":2,"80":2,"81":2,"82":2,"83":2,"84":2,"85":2,"86":2,"87":2,"89":2,"91":2,"92":2,"93":2,"94":2,"95":2,"96":2,"97":2,"98":2,"99":2,"100":2,"102":2,"103":1,"104":1,"105":1,"106":1,"108":1,"109":1,"110":2,"111":0,"112":0,"113":0,"114":2},"branchMap":{"0":{"type":"branch","line":5,"loc":{"start":{"line":5,"column":7},"end":{"line":11,"column":1}},"locations":[{"start":{"line":5,"column":7},"end":{"line":11,"column":1}}]},"1":{"type":"branch","line":6,"loc":{"start":{"line":6,"column":13},"end":{"line":6,"column":25}},"locations":[{"start":{"line":6,"column":13},"end":{"line":6,"column":25}}]},"2":{"type":"branch","line":6,"loc":{"start":{"line":6,"column":20},"end":{"line":8,"column":24}},"locations":[{"start":{"line":6,"column":20},"end":{"line":8,"column":24}}]},"3":{"type":"branch","line":8,"loc":{"start":{"line":8,"column":16},"end":{"line":8,"column":45}},"locations":[{"start":{"line":8,"column":16},"end":{"line":8,"column":45}}]},"4":{"type":"branch","line":8,"loc":{"start":{"line":8,"column":45},"end":{"line":8,"column":57}},"locations":[{"start":{"line":8,"column":45},"end":{"line":8,"column":57}}]},"5":{"type":"branch","line":8,"loc":{"start":{"line":8,"column":52},"end":{"line":9,"column":24}},"locations":[{"start":{"line":8,"column":52},"end":{"line":9,"column":24}}]},"6":{"type":"branch","line":9,"loc":{"start":{"line":9,"column":16},"end":{"line":9,"column":48}},"locations":[{"start":{"line":9,"column":16},"end":{"line":9,"column":48}}]},"7":{"type":"branch","line":9,"loc":{"start":{"line":9,"column":48},"end":{"line":11,"column":1}},"locations":[{"start":{"line":9,"column":48},"end":{"line":11,"column":1}}]},"8":{"type":"branch","line":13,"loc":{"start":{"line":13,"column":7},"end":{"line":41,"column":1}},"locations":[{"start":{"line":13,"column":7},"end":{"line":41,"column":1}}]},"9":{"type":"branch","line":15,"loc":{"start":{"line":15,"column":4},"end":{"line":22,"column":19}},"locations":[{"start":{"line":15,"column":4},"end":{"line":22,"column":19}}]},"10":{"type":"branch","line":23,"loc":{"start":{"line":23,"column":4},"end":{"line":30,"column":19}},"locations":[{"start":{"line":23,"column":4},"end":{"line":30,"column":19}}]},"11":{"type":"branch","line":31,"loc":{"start":{"line":31,"column":4},"end":{"line":31,"column":14}},"locations":[{"start":{"line":31,"column":4},"end":{"line":31,"column":14}}]},"12":{"type":"branch","line":32,"loc":{"start":{"line":32,"column":4},"end":{"line":39,"column":19}},"locations":[{"start":{"line":32,"column":4},"end":{"line":39,"column":19}}]},"13":{"type":"branch","line":43,"loc":{"start":{"line":43,"column":7},"end":{"line":78,"column":1}},"locations":[{"start":{"line":43,"column":7},"end":{"line":78,"column":1}}]},"14":{"type":"branch","line":80,"loc":{"start":{"line":80,"column":0},"end":{"line":115,"column":1}},"locations":[{"start":{"line":80,"column":0},"end":{"line":115,"column":1}}]},"15":{"type":"branch","line":103,"loc":{"start":{"line":103,"column":17},"end":{"line":111,"column":11}},"locations":[{"start":{"line":103,"column":17},"end":{"line":111,"column":11}}]},"16":{"type":"branch","line":111,"loc":{"start":{"line":111,"column":2},"end":{"line":114,"column":3}},"locations":[{"start":{"line":111,"column":2},"end":{"line":114,"column":3}}]}},"b":{"0":[10],"1":[1],"2":[9],"3":[7],"4":[3],"5":[6],"6":[4],"7":[3],"8":[6],"9":[2],"10":[2],"11":[2],"12":[2],"13":[3],"14":[2],"15":[1],"16":[0]},"fnMap":{"0":{"name":"normalizeLanguage","decl":{"start":{"line":5,"column":7},"end":{"line":11,"column":1}},"loc":{"start":{"line":5,"column":7},"end":{"line":11,"column":1}},"line":5},"1":{"name":"formatWhatsAppMessage","decl":{"start":{"line":13,"column":7},"end":{"line":41,"column":1}},"loc":{"start":{"line":13,"column":7},"end":{"line":41,"column":1}},"line":13},"2":{"name":"buildWhatsAppCloudPayload","decl":{"start":{"line":43,"column":7},"end":{"line":78,"column":1}},"loc":{"start":{"line":43,"column":7},"end":{"line":78,"column":1}},"line":43},"3":{"name":"dispatchWhatsAppAlert","decl":{"start":{"line":80,"column":0},"end":{"line":115,"column":1}},"loc":{"start":{"line":80,"column":0},"end":{"line":115,"column":1}},"line":80}},"f":{"0":10,"1":6,"2":3,"3":2}}
,"/Users/solveetcoagula/Desktop/bounty_operations/workspaces/stellar_alerts/apps/api/src/utils/zkp-verifier.ts": {"path":"/Users/solveetcoagula/Desktop/bounty_operations/workspaces/stellar_alerts/apps/api/src/utils/zkp-verifier.ts","all":false,"statementMap":{"0":{"start":{"line":1,"column":0},"end":{"line":1,"column":35}},"1":{"start":{"line":2,"column":0},"end":{"line":2,"column":33}},"4":{"start":{"line":5,"column":0},"end":{"line":5,"column":36}},"5":{"start":{"line":6,"column":0},"end":{"line":6,"column":22}},"6":{"start":{"line":7,"column":0},"end":{"line":7,"column":17}},"7":{"start":{"line":8,"column":0},"end":{"line":8,"column":13}},"8":{"start":{"line":9,"column":0},"end":{"line":9,"column":30}},"9":{"start":{"line":10,"column":0},"end":{"line":10,"column":50}},"10":{"start":{"line":11,"column":0},"end":{"line":11,"column":51}},"11":{"start":{"line":12,"column":0},"end":{"line":12,"column":51}},"12":{"start":{"line":13,"column":0},"end":{"line":13,"column":72}},"13":{"start":{"line":14,"column":0},"end":{"line":14,"column":40}},"14":{"start":{"line":15,"column":0},"end":{"line":15,"column":2}},"16":{"start":{"line":17,"column":0},"end":{"line":17,"column":36}},"17":{"start":{"line":18,"column":0},"end":{"line":18,"column":13}},"18":{"start":{"line":19,"column":0},"end":{"line":19,"column":23}},"19":{"start":{"line":20,"column":0},"end":{"line":20,"column":33}},"20":{"start":{"line":21,"column":0},"end":{"line":21,"column":21}},"21":{"start":{"line":22,"column":0},"end":{"line":22,"column":7}},"22":{"start":{"line":23,"column":0},"end":{"line":23,"column":65}},"23":{"start":{"line":24,"column":0},"end":{"line":24,"column":19}},"24":{"start":{"line":25,"column":0},"end":{"line":25,"column":5}},"25":{"start":{"line":26,"column":0},"end":{"line":26,"column":73}},"26":{"start":{"line":27,"column":0},"end":{"line":27,"column":15}},"27":{"start":{"line":28,"column":0},"end":{"line":28,"column":19}},"28":{"start":{"line":29,"column":0},"end":{"line":29,"column":17}},"29":{"start":{"line":30,"column":0},"end":{"line":30,"column":3}},"30":{"start":{"line":31,"column":0},"end":{"line":31,"column":1}},"32":{"start":{"line":33,"column":0},"end":{"line":33,"column":60}},"33":{"start":{"line":34,"column":0},"end":{"line":34,"column":66}},"34":{"start":{"line":35,"column":0},"end":{"line":35,"column":1}}},"s":{"0":1,"1":1,"4":1,"5":1,"6":1,"7":1,"8":1,"9":1,"10":1,"11":1,"12":1,"13":1,"14":1,"16":3,"17":3,"18":3,"19":3,"20":3,"21":3,"22":3,"23":1,"24":1,"25":2,"26":2,"27":3,"28":0,"29":0,"30":3,"32":1,"33":1,"34":1},"branchMap":{"0":{"type":"branch","line":17,"loc":{"start":{"line":17,"column":0},"end":{"line":31,"column":1}},"locations":[{"start":{"line":17,"column":0},"end":{"line":31,"column":1}}]},"1":{"type":"branch","line":23,"loc":{"start":{"line":23,"column":9},"end":{"line":23,"column":36}},"locations":[{"start":{"line":23,"column":9},"end":{"line":23,"column":36}}]},"2":{"type":"branch","line":23,"loc":{"start":{"line":23,"column":19},"end":{"line":23,"column":64}},"locations":[{"start":{"line":23,"column":19},"end":{"line":23,"column":64}}]},"3":{"type":"branch","line":23,"loc":{"start":{"line":23,"column":64},"end":{"line":25,"column":5}},"locations":[{"start":{"line":23,"column":64},"end":{"line":25,"column":5}}]},"4":{"type":"branch","line":25,"loc":{"start":{"line":25,"column":4},"end":{"line":28,"column":11}},"locations":[{"start":{"line":25,"column":4},"end":{"line":28,"column":11}}]},"5":{"type":"branch","line":28,"loc":{"start":{"line":28,"column":2},"end":{"line":30,"column":3}},"locations":[{"start":{"line":28,"column":2},"end":{"line":30,"column":3}}]},"6":{"type":"branch","line":33,"loc":{"start":{"line":33,"column":7},"end":{"line":35,"column":1}},"locations":[{"start":{"line":33,"column":7},"end":{"line":35,"column":1}}]}},"b":{"0":[3],"1":[2],"2":[2],"3":[1],"4":[2],"5":[0],"6":[1]},"fnMap":{"0":{"name":"verifyZkProof","decl":{"start":{"line":17,"column":0},"end":{"line":31,"column":1}},"loc":{"start":{"line":17,"column":0},"end":{"line":31,"column":1}},"line":17},"1":{"name":"generateSecretHash","decl":{"start":{"line":33,"column":7},"end":{"line":35,"column":1}},"loc":{"start":{"line":33,"column":7},"end":{"line":35,"column":1}},"line":33}},"f":{"0":3,"1":1}}
}
