TN:
SF:src/app.ts
FN:1,(empty-report)
FNF:1
FNH:0
FNDA:0,(empty-report)
DA:1,0
DA:2,0
DA:3,0
DA:4,0
DA:5,0
DA:6,0
DA:7,0
DA:8,0
DA:9,0
DA:10,0
DA:11,0
DA:12,0
DA:13,0
DA:14,0
DA:16,0
DA:17,0
DA:18,0
DA:19,0
DA:20,0
DA:21,0
DA:23,0
DA:24,0
DA:25,0
DA:26,0
DA:27,0
DA:29,0
DA:30,0
DA:32,0
DA:34,0
DA:35,0
DA:36,0
DA:37,0
DA:38,0
DA:40,0
DA:41,0
DA:42,0
DA:43,0
DA:44,0
DA:45,0
DA:46,0
DA:47,0
DA:48,0
DA:49,0
DA:50,0
DA:51,0
DA:52,0
DA:53,0
DA:54,0
DA:55,0
DA:56,0
DA:57,0
DA:58,0
DA:60,0
DA:61,0
DA:62,0
DA:64,0
DA:66,0
DA:67,0
DA:68,0
DA:70,0
DA:71,0
DA:72,0
DA:73,0
DA:75,0
DA:76,0
LF:65
LH:0
BRDA:1,0,0,0
BRF:1
BRH:0
end_of_record
TN:
SF:src/config/env.ts
FN:11,parseEnv
FNF:1
FNH:1
FNDA:3,parseEnv
DA:1,1
DA:3,1
DA:4,1
DA:5,1
DA:6,1
DA:7,1
DA:8,1
DA:9,1
DA:11,1
DA:12,3
DA:13,3
DA:14,3
DA:15,3
DA:16,3
DA:17,3
DA:18,3
DA:20,3
DA:22,3
DA:23,0
DA:24,0
DA:25,0
DA:26,0
DA:27,0
DA:29,3
DA:30,0
DA:31,0
DA:32,0
DA:33,0
DA:34,0
DA:35,0
DA:36,3
DA:38,1
LF:32
LH:21
BRDA:11,0,0,3
BRDA:14,1,0,0
BRDA:14,2,0,0
BRDA:15,3,0,0
BRDA:15,4,0,0
BRDA:16,5,0,0
BRDA:16,6,0,0
BRDA:17,7,0,0
BRDA:17,8,0,0
BRDA:22,9,0,0
BRDA:29,10,0,0
BRF:11
BRH:1
end_of_record
TN:
SF:src/lib/lock.ts
FN:27,getWalletLockKey
FN:34,acquireWalletLock
FN:65,releaseWalletLock
FN:81,withWalletLock
FNF:4
FNH:4
FNDA:8,getWalletLockKey
FNDA:7,acquireWalletLock
FNDA:3,releaseWalletLock
FNDA:2,withWalletLock
DA:1,1
DA:15,1
DA:16,1
DA:27,1
DA:28,8
DA:29,8
DA:34,7
DA:35,7
DA:36,7
DA:37,7
DA:38,7
DA:39,7
DA:40,7
DA:41,7
DA:42,7
DA:44,7
DA:45,7
DA:46,7
DA:47,7
DA:48,5
DA:49,5
DA:50,7
DA:51,0
DA:52,0
DA:54,7
DA:55,0
DA:56,0
DA:57,7
DA:59,2
DA:60,2
DA:65,3
DA:66,3
DA:68,3
DA:69,3
DA:70,3
DA:71,3
DA:72,0
DA:73,0
DA:74,0
DA:75,3
DA:81,2
DA:82,2
DA:83,2
DA:84,2
DA:85,2
DA:86,2
DA:87,2
DA:88,1
DA:89,1
DA:90,1
DA:92,1
DA:93,1
DA:94,1
DA:95,1
DA:96,1
DA:97,2
LF:56
LH:49
BRDA:27,0,0,8
BRDA:34,1,0,7
BRDA:39,2,0,5
BRDA:47,3,0,5
BRDA:50,4,0,0
BRDA:52,5,0,2
BRDA:54,6,0,0
BRDA:57,7,0,2
BRDA:65,8,0,3
BRDA:66,9,0,0
BRDA:71,10,0,0
BRDA:81,11,0,2
BRDA:87,12,0,1
BRF:13
BRH:9
end_of_record
TN:
SF:src/lib/nonceCache.ts
FN:11,generateNonce
FN:25,checkAndStoreNonce
FN:51,isNonceRecorded
FN:76,storeNonce
FNF:4
FNH:4
FNDA:23,generateNonce
FNDA:13,checkAndStoreNonce
FNDA:6,isNonceRecorded
FNDA:2,storeNonce
DA:1,1
DA:3,1
DA:5,1
DA:6,1
DA:11,1
DA:12,23
DA:13,23
DA:25,13
DA:26,13
DA:27,13
DA:28,13
DA:29,13
DA:30,13
DA:31,1
DA:32,1
DA:34,12
DA:35,12
DA:36,12
DA:37,12
DA:38,13
DA:39,0
DA:40,0
DA:41,0
DA:42,13
DA:51,6
DA:52,6
DA:53,6
DA:54,6
DA:55,6
DA:56,1
DA:57,1
DA:59,5
DA:60,5
DA:61,5
DA:62,5
DA:63,6
DA:64,0
DA:65,0
DA:66,0
DA:67,6
DA:76,2
DA:77,2
DA:78,2
DA:79,2
DA:80,2
DA:81,2
DA:82,1
DA:83,1
DA:85,1
DA:86,1
DA:87,1
LF:51
LH:45
BRDA:11,0,0,23
BRDA:25,1,0,13
BRDA:30,2,0,1
BRDA:32,3,0,12
BRDA:38,4,0,0
BRDA:51,5,0,6
BRDA:55,6,0,1
BRDA:57,7,0,5
BRDA:63,8,0,0
BRDA:76,9,0,2
BRDA:81,10,0,1
BRF:11
BRH:9
end_of_record
TN:
SF:src/lib/prisma.ts
FN:13,switchDatabaseUrl
FN:28,connectWithRetry
FNF:2
FNH:1
FNDA:2,switchDatabaseUrl
FNDA:0,connectWithRetry
DA:1,1
DA:2,1
DA:3,1
DA:5,1
DA:7,1
DA:8,1
DA:9,1
DA:11,1
DA:13,2
DA:14,2
DA:15,2
DA:16,2
DA:18,2
DA:19,2
DA:20,2
DA:22,2
DA:23,2
DA:24,2
DA:25,2
DA:26,2
DA:28,0
DA:29,0
DA:30,0
DA:31,0
DA:32,0
DA:33,0
DA:34,0
DA:35,0
DA:36,0
DA:37,0
DA:38,0
DA:39,0
DA:40,0
DA:41,0
DA:42,0
DA:43,0
DA:44,0
DA:45,0
DA:46,0
LF:39
LH:20
BRDA:5,0,0,0
BRDA:13,1,0,2
BRDA:20,2,0,0
BRF:3
BRH:1
end_of_record
TN:
SF:src/lib/queue.ts
FN:32,getOrCreateCircuitBreaker
FN:67,updateCircuitBreakerState
FN:89,dispatchWebhookAndLog
FN:203,paymentAlertWorkerProcessor
FN:282,__vite_ssr_import_0__.Worker.connection.connection
FN:361,failedJobHandler
FN:378,enqueuePaymentAlert
FNF:7
FNH:2
FNDA:0,getOrCreateCircuitBreaker
FNDA:0,updateCircuitBreakerState
FNDA:0,dispatchWebhookAndLog
FNDA:2,paymentAlertWorkerProcessor
FNDA:0,__vite_ssr_import_0__.Worker.connection.connection
FNDA:2,failedJobHandler
FNDA:0,enqueuePaymentAlert
DA:1,1
DA:2,1
DA:3,1
DA:4,1
DA:5,1
DA:18,1
DA:19,1
DA:20,1
DA:21,1
DA:22,1
DA:24,1
DA:25,1
DA:26,1
DA:27,1
DA:29,1
DA:30,1
DA:32,0
DA:33,0
DA:34,0
DA:35,0
DA:36,0
DA:37,0
DA:39,0
DA:40,0
DA:41,0
DA:42,0
DA:43,0
DA:44,0
DA:45,0
DA:46,0
DA:48,0
DA:49,0
DA:50,0
DA:52,0
DA:53,0
DA:54,0
DA:55,0
DA:56,0
DA:57,0
DA:58,0
DA:59,0
DA:60,0
DA:61,0
DA:63,0
DA:64,0
DA:65,0
DA:67,0
DA:68,0
DA:69,0
DA:70,0
DA:71,0
DA:72,0
DA:73,0
DA:74,0
DA:75,0
DA:76,0
DA:77,0
DA:78,0
DA:79,0
DA:80,0
DA:81,0
DA:82,0
DA:83,0
DA:84,0
DA:85,0
DA:86,0
DA:87,0
DA:89,0
DA:90,0
DA:91,0
DA:92,0
DA:93,0
DA:94,0
DA:96,0
DA:97,0
DA:98,0
DA:99,0
DA:102,0
DA:103,0
DA:104,0
DA:106,0
DA:107,0
DA:108,0
DA:109,0
DA:110,0
DA:111,0
DA:112,0
DA:113,0
DA:114,0
DA:115,0
DA:116,0
DA:117,0
DA:119,0
DA:120,0
DA:121,0
DA:122,0
DA:123,0
DA:124,0
DA:126,0
DA:127,0
DA:129,0
DA:130,0
DA:131,0
DA:132,0
DA:133,0
DA:135,0
DA:137,0
DA:138,0
DA:139,0
DA:140,0
DA:141,0
DA:142,0
DA:143,0
DA:146,0
DA:147,0
DA:148,0
DA:149,0
DA:150,0
DA:151,0
DA:153,0
DA:154,0
DA:155,0
DA:156,0
DA:158,0
DA:159,0
DA:160,0
DA:161,0
DA:162,0
DA:163,0
DA:164,0
DA:165,0
DA:166,0
DA:167,0
DA:168,0
DA:169,0
DA:172,0
DA:173,0
DA:175,0
DA:176,0
DA:177,0
DA:178,0
DA:181,0
DA:182,0
DA:183,0
DA:184,0
DA:185,0
DA:186,0
DA:187,0
DA:188,0
DA:190,0
DA:191,0
DA:192,0
DA:193,0
DA:194,0
DA:195,0
DA:197,0
DA:198,0
DA:199,0
DA:200,0
DA:201,0
DA:203,1
DA:204,2
DA:206,2
DA:207,2
DA:208,2
DA:209,2
DA:210,2
DA:212,2
DA:213,2
DA:214,2
DA:215,2
DA:216,2
DA:218,2
DA:220,2
DA:221,0
DA:222,0
DA:224,2
DA:226,2
DA:227,2
DA:228,2
DA:229,2
DA:230,2
DA:232,2
DA:233,1
DA:234,1
DA:235,1
DA:237,1
DA:238,1
DA:239,1
DA:240,1
DA:241,1
DA:243,1
DA:244,0
DA:245,1
DA:246,1
DA:247,1
DA:248,1
DA:249,2
DA:250,0
DA:251,0
DA:253,2
DA:254,2
DA:256,1
DA:257,1
DA:258,1
DA:259,1
DA:260,1
DA:261,1
DA:262,1
DA:264,1
DA:265,1
DA:266,1
DA:267,1
DA:268,1
DA:269,1
DA:270,1
DA:271,1
DA:272,1
DA:273,1
DA:274,1
DA:275,1
DA:277,1
DA:278,1
DA:280,1
DA:281,1
DA:282,1
DA:283,0
DA:286,0
DA:287,0
DA:288,0
DA:289,0
DA:290,0
DA:291,0
DA:292,0
DA:293,0
DA:294,0
DA:295,0
DA:296,0
DA:297,0
DA:300,0
DA:301,0
DA:302,0
DA:303,0
DA:304,0
DA:305,0
DA:306,0
DA:307,0
DA:308,0
DA:309,0
DA:310,0
DA:311,0
DA:312,0
DA:315,0
DA:316,0
DA:317,0
DA:318,0
DA:319,0
DA:320,0
DA:321,0
DA:322,0
DA:323,0
DA:326,0
DA:327,0
DA:328,0
DA:329,0
DA:330,0
DA:332,0
DA:333,0
DA:334,0
DA:335,0
DA:336,0
DA:338,0
DA:340,0
DA:341,0
DA:342,0
DA:344,0
DA:345,0
DA:346,0
DA:347,1
DA:348,1
DA:350,1
DA:351,1
DA:352,1
DA:354,1
DA:355,1
DA:356,1
DA:357,0
DA:358,0
DA:359,0
DA:361,2
DA:362,2
DA:363,2
DA:364,2
DA:365,2
DA:366,1
DA:367,1
DA:368,1
DA:369,1
DA:370,1
DA:371,1
DA:372,1
DA:373,2
DA:374,0
DA:375,0
DA:376,2
DA:378,0
DA:379,0
DA:380,0
DA:381,0
DA:382,0
DA:383,0
DA:384,0
DA:386,0
DA:387,0
DA:388,0
DA:389,0
DA:390,0
DA:391,0
DA:392,0
DA:393,0
DA:394,0
DA:395,0
DA:396,0
DA:397,0
DA:398,0
LF:325
LH:99
BRDA:357,0,0,0
BRDA:203,1,0,2
BRDA:220,2,0,0
BRDA:232,3,0,1
BRDA:232,4,0,1
BRDA:243,5,0,0
BRDA:249,6,0,0
BRDA:361,7,0,2
BRDA:362,8,0,0
BRDA:365,9,0,0
BRDA:365,10,0,1
BRDA:373,11,0,0
BRF:12
BRH:5
end_of_record
TN:
SF:src/lib/redis.ts
FNF:0
FNH:0
DA:1,1
DA:3,1
DA:4,1
DA:6,1
DA:7,1
DA:8,1
DA:9,1
DA:10,1
DA:11,1
DA:13,1
DA:14,0
DA:15,0
LF:12
LH:10
BRF:0
BRH:0
end_of_record
TN:
SF:src/lib/rules-engine.ts
FN:19,evaluateRule
FN:51,evaluateRuleGroup
FN:69,shouldAlert
FN:84,createAmountThresholdRule
FN:97,createAssetFilterRule
FN:125,createCombinedFilter
FNF:6
FNH:6
FNDA:84,evaluateRule
FNDA:50,evaluateRuleGroup
FNDA:15,shouldAlert
FNDA:6,createAmountThresholdRule
FNDA:9,createAssetFilterRule
FNDA:6,createCombinedFilter
DA:19,1
DA:20,84
DA:23,84
DA:24,2
DA:25,2
DA:28,84
DA:29,84
DA:31,84
DA:32,84
DA:33,3
DA:34,84
DA:35,26
DA:36,84
DA:37,2
DA:38,84
DA:39,2
DA:40,84
DA:41,38
DA:42,84
DA:43,2
DA:44,84
DA:45,9
DA:46,84
DA:47,0
DA:48,84
DA:49,84
DA:51,1
DA:52,50
DA:53,2
DA:54,2
DA:56,48
DA:57,81
DA:58,17
DA:59,81
DA:60,64
DA:61,64
DA:62,48
DA:64,48
DA:65,30
DA:66,18
DA:67,50
DA:69,1
DA:71,15
DA:72,2
DA:73,2
DA:75,13
DA:76,13
DA:77,15
DA:78,0
DA:80,0
DA:81,0
DA:82,15
DA:84,1
DA:85,6
DA:86,6
DA:87,6
DA:88,6
DA:89,6
DA:90,6
DA:91,6
DA:92,6
DA:93,6
DA:94,6
DA:95,6
DA:97,1
DA:98,9
DA:99,1
DA:100,1
DA:102,9
DA:103,3
DA:104,3
DA:105,3
DA:106,3
DA:107,3
DA:108,3
DA:109,3
DA:110,3
DA:111,3
DA:112,3
DA:113,3
DA:115,5
DA:116,5
DA:117,5
DA:118,10
DA:119,10
DA:120,10
DA:121,5
DA:122,5
DA:123,5
DA:125,1
DA:126,6
DA:128,6
DA:129,3
DA:130,3
DA:132,6
DA:133,4
DA:134,4
DA:136,6
DA:137,1
DA:138,1
DA:140,6
DA:141,3
DA:142,3
DA:144,2
DA:145,2
DA:146,2
DA:147,2
DA:148,2
LF:108
LH:104
BRDA:19,0,0,84
BRDA:23,1,0,83
BRDA:23,2,0,2
BRDA:25,3,0,82
BRDA:28,4,0,33
BRDA:28,5,0,49
BRDA:29,6,0,33
BRDA:29,7,0,49
BRDA:32,8,0,3
BRDA:34,9,0,26
BRDA:36,10,0,2
BRDA:38,11,0,2
BRDA:40,12,0,38
BRDA:42,13,0,2
BRDA:44,14,0,9
BRDA:46,15,0,0
BRDA:51,16,0,50
BRDA:52,17,0,2
BRDA:54,18,0,48
BRDA:64,19,0,30
BRDA:65,20,0,18
BRDA:56,21,0,81
BRDA:57,22,0,73
BRDA:57,23,0,17
BRDA:59,24,0,64
BRDA:65,25,0,41
BRDA:66,26,0,28
BRDA:69,27,0,15
BRDA:71,28,0,14
BRDA:71,29,0,2
BRDA:73,30,0,13
BRDA:77,31,0,0
BRDA:84,32,0,6
BRDA:97,33,0,9
BRDA:98,34,0,1
BRDA:100,35,0,8
BRDA:102,36,0,3
BRDA:113,37,0,5
BRDA:117,38,0,10
BRDA:125,39,0,6
BRDA:128,40,0,4
BRDA:128,41,0,3
BRDA:132,42,0,4
BRDA:132,43,0,4
BRDA:136,44,0,1
BRDA:138,45,0,5
BRDA:140,46,0,3
BRDA:142,47,0,2
BRF:48
BRH:46
end_of_record
TN:
SF:src/lib/soroban.ts
FN:36,loadContractRegistry
FN:94,routeEventToUsers
FN:130,getActiveContractIds
FN:137,getContractSubscriberCount
FN:152,getSorobanLatestLedger
FN:167,fetchContractEvents
FN:194,fetchContractEventsInRange
FN:250,parseSorobanTransferEvent
FNF:8
FNH:5
FNDA:9,loadContractRegistry
FNDA:8,routeEventToUsers
FNDA:2,getActiveContractIds
FNDA:1,getContractSubscriberCount
FNDA:0,getSorobanLatestLedger
FNDA:0,fetchContractEvents
FNDA:0,fetchContractEventsInRange
FNDA:10,parseSorobanTransferEvent
DA:1,1
DA:2,1
DA:4,1
DA:5,1
DA:6,1
DA:7,1
DA:8,1
DA:10,1
DA:11,1
DA:12,1
DA:30,1
DA:36,9
DA:38,9
DA:39,9
DA:40,9
DA:41,9
DA:42,9
DA:43,9
DA:44,9
DA:46,9
DA:49,9
DA:51,9
DA:52,116
DA:53,110
DA:54,110
DA:56,116
DA:57,116
DA:59,116
DA:60,113
DA:61,113
DA:63,116
DA:64,116
DA:67,9
DA:68,110
DA:70,110
DA:71,113
DA:72,113
DA:74,110
DA:75,110
DA:76,110
DA:77,110
DA:78,110
DA:79,110
DA:81,9
DA:82,9
DA:83,9
DA:84,9
DA:85,9
DA:86,0
DA:87,0
DA:88,0
DA:89,9
DA:94,1
DA:95,8
DA:96,8
DA:97,8
DA:98,8
DA:100,8
DA:102,7
DA:103,8
DA:106,8
DA:109,8
DA:112,8
DA:113,1
DA:114,1
DA:116,8
DA:117,6
DA:118,6
DA:119,6
DA:120,6
DA:121,6
DA:122,6
DA:124,6
DA:125,6
DA:130,1
DA:131,2
DA:132,2
DA:137,1
DA:138,1
DA:139,1
DA:141,1
DA:142,1
DA:143,2
DA:144,2
DA:146,1
DA:147,1
DA:152,0
DA:153,0
DA:154,0
DA:155,0
DA:156,0
DA:157,0
DA:158,0
DA:159,0
DA:160,0
DA:161,0
DA:162,0
DA:167,0
DA:168,0
DA:169,0
DA:170,0
DA:171,0
DA:172,0
DA:173,0
DA:174,0
DA:175,0
DA:176,0
DA:177,0
DA:178,0
DA:179,0
DA:180,0
DA:181,0
DA:182,0
DA:183,0
DA:184,0
DA:185,0
DA:186,0
DA:187,0
DA:188,0
DA:189,0
DA:194,0
DA:195,0
DA:196,0
DA:197,0
DA:198,0
DA:199,0
DA:201,0
DA:202,0
DA:204,0
DA:205,0
DA:206,0
DA:207,0
DA:209,0
DA:210,0
DA:211,0
DA:212,0
DA:213,0
DA:214,0
DA:215,0
DA:216,0
DA:217,0
DA:218,0
DA:220,0
DA:222,0
DA:223,0
DA:224,0
DA:225,0
DA:226,0
DA:227,0
DA:228,0
DA:230,0
DA:231,0
DA:232,0
DA:233,0
DA:234,0
DA:236,0
DA:237,0
DA:238,0
DA:239,0
DA:240,0
DA:241,0
DA:242,0
DA:243,0
DA:244,0
DA:245,0
DA:250,1
DA:251,10
DA:252,10
DA:253,10
DA:254,4
DA:255,4
DA:257,10
DA:258,10
DA:260,10
DA:261,10
DA:262,10
DA:263,10
DA:265,10
DA:266,10
DA:267,10
DA:268,10
DA:269,10
DA:270,10
DA:271,10
DA:272,10
DA:273,10
LF:186
LH:104
BRDA:36,0,0,9
BRDA:51,1,0,116
BRDA:52,2,0,110
BRDA:57,3,0,2
BRDA:59,4,0,113
BRDA:67,5,0,110
BRDA:70,6,0,113
BRDA:85,7,0,0
BRDA:94,8,0,8
BRDA:100,9,0,1
BRDA:100,10,0,7
BRDA:103,11,0,1
BRDA:103,12,0,6
BRDA:106,13,0,0
BRDA:112,14,0,5
BRDA:112,15,0,1
BRDA:114,16,0,6
BRDA:116,17,0,6
BRDA:130,18,0,2
BRDA:137,19,0,1
BRDA:139,20,0,0
BRDA:142,21,0,2
BRDA:250,22,0,10
BRDA:253,23,0,9
BRDA:253,24,0,8
BRDA:253,25,0,4
BRDA:255,26,0,6
BRDA:257,27,0,0
BRDA:258,28,0,0
BRDA:260,29,0,1
BRDA:261,30,0,2
BRDA:261,31,0,1
BRDA:261,32,0,1
BRDA:262,33,0,2
BRDA:262,34,0,1
BRDA:262,35,0,1
BRDA:263,36,0,5
BRDA:263,37,0,1
BRDA:271,38,0,6
BRF:39
BRH:34
end_of_record
TN:
SF:src/lib/stellar.ts
FN:27,decodeHorizonAsset
FN:42,formatTokenAmount
FN:66,decodeScAddress
FN:91,decodeScAmount
FN:128,extractTopicValue
FN:142,parseSacTransferEvent
FN:175,logPaymentsError
FN:182,getRecentPayments
FN:203,getPaymentsSince
FN:225,getLatestPagingToken
FNF:10
FNH:2
FNDA:0,decodeHorizonAsset
FNDA:0,formatTokenAmount
FNDA:0,decodeScAddress
FNDA:0,decodeScAmount
FNDA:0,extractTopicValue
FNDA:0,parseSacTransferEvent
FNDA:0,logPaymentsError
FNDA:4,getRecentPayments
FNDA:2,getPaymentsSince
FNDA:0,getLatestPagingToken
DA:1,1
DA:3,1
DA:5,1
DA:27,1
DA:28,0
DA:29,0
DA:30,0
DA:32,0
DA:33,0
DA:34,0
DA:35,0
DA:36,0
DA:42,1
DA:43,0
DA:44,0
DA:45,0
DA:46,0
DA:47,0
DA:48,0
DA:49,0
DA:50,0
DA:51,0
DA:53,0
DA:54,0
DA:55,0
DA:56,0
DA:57,0
DA:59,0
DA:60,0
DA:66,1
DA:67,0
DA:69,0
DA:70,0
DA:71,0
DA:73,0
DA:74,0
DA:75,0
DA:76,0
DA:77,0
DA:78,0
DA:79,0
DA:80,0
DA:81,0
DA:82,0
DA:84,0
DA:85,0
DA:91,1
DA:92,0
DA:94,0
DA:96,0
DA:97,0
DA:98,0
DA:100,0
DA:101,0
DA:102,0
DA:104,0
DA:105,0
DA:106,0
DA:107,0
DA:108,0
DA:109,0
DA:110,0
DA:111,0
DA:112,0
DA:113,0
DA:114,0
DA:115,0
DA:116,0
DA:117,0
DA:118,0
DA:119,0
DA:120,0
DA:121,0
DA:122,0
DA:123,0
DA:125,0
DA:126,0
DA:128,0
DA:129,0
DA:130,0
DA:131,0
DA:132,0
DA:133,0
DA:134,0
DA:135,0
DA:142,1
DA:143,0
DA:145,0
DA:146,0
DA:148,0
DA:149,0
DA:150,0
DA:152,0
DA:153,0
DA:154,0
DA:155,0
DA:157,0
DA:158,0
DA:159,0
DA:161,0
DA:162,0
DA:163,0
DA:165,0
DA:166,0
DA:167,0
DA:168,0
DA:169,0
DA:170,0
DA:171,0
DA:172,0
DA:173,0
DA:174,0
DA:175,0
DA:176,0
DA:177,0
DA:179,1
DA:180,1
DA:182,1
DA:183,4
DA:184,3
DA:185,3
DA:186,3
DA:188,1
DA:189,1
DA:190,1
DA:191,1
DA:192,1
DA:193,1
DA:195,1
DA:196,4
DA:197,0
DA:198,0
DA:199,0
DA:200,4
DA:203,1
DA:204,2
DA:205,1
DA:206,1
DA:207,1
DA:209,1
DA:210,1
DA:211,1
DA:212,1
DA:213,1
DA:214,1
DA:215,1
DA:217,1
DA:218,2
DA:219,0
DA:220,0
DA:221,0
DA:222,2
DA:225,1
DA:226,0
DA:227,0
DA:228,0
DA:229,1
LF:157
LH:41
BRDA:182,0,0,4
BRDA:183,1,0,3
BRDA:183,2,0,3
BRDA:186,3,0,1
BRDA:196,4,0,0
BRDA:203,5,0,2
BRDA:204,6,0,1
BRDA:218,7,0,0
BRF:8
BRH:6
end_of_record
TN:
SF:src/lib/tokenBlocklist.ts
FN:13,revokeToken
FN:32,isTokenRevoked
FNF:2
FNH:2
FNDA:3,revokeToken
FNDA:5,isTokenRevoked
DA:1,1
DA:3,1
DA:13,3
DA:14,3
DA:15,3
DA:17,3
DA:19,1
DA:20,1
DA:22,2
DA:23,2
DA:24,2
DA:32,5
DA:33,5
DA:34,5
DA:35,5
LF:15
LH:15
BRDA:13,0,0,3
BRDA:17,1,0,1
BRDA:20,2,0,2
BRDA:32,3,0,5
BRF:4
BRH:4
end_of_record
TN:
SF:src/middleware/auth.middleware.ts
FN:1,(empty-report)
FNF:1
FNH:1
FNDA:1,(empty-report)
DA:2,0
DA:3,0
DA:11,0
DA:12,0
DA:13,0
DA:14,0
DA:15,0
DA:16,0
DA:17,0
DA:18,0
DA:19,0
DA:21,0
DA:22,0
DA:24,0
DA:25,0
DA:26,0
DA:27,0
DA:28,0
DA:29,0
DA:30,0
DA:31,0
DA:32,0
DA:35,0
DA:36,0
DA:37,0
DA:38,0
DA:39,0
DA:40,0
DA:41,0
DA:42,0
DA:43,0
DA:44,0
DA:45,0
DA:48,0
DA:49,0
DA:50,0
DA:52,0
DA:53,0
LF:38
LH:0
BRDA:1,0,0,1
BRF:1
BRH:1
end_of_record
TN:
SF:src/modules/auth/auth.controller.ts
FN:1,(empty-report)
FNF:1
FNH:1
FNDA:1,(empty-report)
DA:2,0
DA:3,0
DA:5,0
DA:6,0
DA:7,0
DA:8,0
DA:9,0
DA:10,0
DA:12,0
DA:13,0
DA:14,0
DA:15,0
DA:16,0
DA:17,0
DA:18,0
DA:20,0
DA:21,0
DA:22,0
DA:23,0
DA:24,0
DA:26,0
DA:27,0
DA:28,0
DA:29,0
DA:30,0
DA:31,0
DA:32,0
DA:33,0
DA:34,0
DA:35,0
DA:37,0
DA:38,0
DA:39,0
DA:40,0
DA:41,0
DA:43,0
DA:44,0
DA:45,0
DA:46,0
DA:47,0
DA:48,0
DA:49,0
DA:51,0
DA:52,0
DA:53,0
DA:54,0
DA:55,0
DA:57,0
DA:58,0
DA:59,0
DA:60,0
DA:61,0
DA:62,0
DA:63,0
DA:65,0
DA:66,0
DA:67,0
DA:68,0
DA:70,0
DA:71,0
DA:72,0
DA:73,0
DA:74,0
DA:75,0
DA:76,0
DA:77,0
DA:78,0
DA:79,0
DA:81,0
DA:82,0
DA:83,0
DA:84,0
DA:86,0
DA:87,0
DA:88,0
DA:89,0
DA:90,0
DA:91,0
DA:92,0
DA:93,0
DA:95,0
LF:81
LH:0
BRDA:1,0,0,1
BRF:1
BRH:1
end_of_record
TN:
SF:src/modules/auth/auth.routes.ts
FN:1,(empty-report)
FNF:1
FNH:1
FNDA:1,(empty-report)
DA:2,0
DA:3,0
DA:5,0
DA:6,0
DA:7,0
DA:8,0
DA:9,0
DA:10,0
DA:11,0
DA:12,0
LF:10
LH:0
BRDA:1,0,0,1
BRF:1
BRH:1
end_of_record
TN:
SF:src/modules/auth/auth.schema.ts
FN:1,(empty-report)
FNF:1
FNH:0
FNDA:0,(empty-report)
DA:1,0
DA:3,0
DA:4,0
DA:5,0
DA:7,0
DA:8,0
DA:9,0
LF:7
LH:0
BRDA:1,0,0,0
BRF:1
BRH:0
end_of_record
TN:
SF:src/modules/auth/auth.service.ts
FN:7,requestMagicLink
FN:13,verifyMagicLink
FN:47,requestDIDChallenge
FN:55,verifyDIDAuth
FN:90,revokeSession
FN:100,getMe
FNF:6
FNH:3
FNDA:1,requestMagicLink
FNDA:2,verifyMagicLink
FNDA:0,requestDIDChallenge
FNDA:0,verifyDIDAuth
FNDA:0,revokeSession
FNDA:2,getMe
DA:1,1
DA:2,1
DA:3,1
DA:4,1
DA:6,1
DA:7,1
DA:8,1
DA:9,1
DA:10,1
DA:11,1
DA:13,1
DA:14,2
DA:15,2
DA:16,2
DA:17,2
DA:18,1
DA:19,1
DA:20,1
DA:22,2
DA:23,0
DA:24,0
DA:25,0
DA:27,1
DA:28,1
DA:29,1
DA:30,1
DA:31,1
DA:32,1
DA:34,1
DA:36,1
DA:37,1
DA:38,2
DA:39,0
DA:40,0
DA:41,0
DA:42,2
DA:47,1
DA:48,0
DA:49,0
DA:50,0
DA:55,1
DA:56,0
DA:57,0
DA:59,0
DA:60,0
DA:61,0
DA:62,0
DA:64,0
DA:66,0
DA:67,0
DA:68,0
DA:69,0
DA:70,0
DA:72,0
DA:74,0
DA:75,0
DA:76,0
DA:77,0
DA:78,0
DA:79,0
DA:80,0
DA:81,0
DA:82,0
DA:83,0
DA:90,1
DA:91,0
DA:93,0
DA:94,0
DA:95,0
DA:96,0
DA:97,0
DA:98,0
DA:100,1
DA:101,2
DA:102,2
DA:103,2
DA:104,2
DA:105,2
DA:106,2
DA:107,2
DA:109,2
DA:110,1
DA:111,1
DA:113,1
DA:114,2
DA:115,1
DA:117,1
LF:87
LH:48
BRDA:7,0,0,1
BRDA:13,1,0,2
BRDA:17,2,0,1
BRDA:22,3,0,0
BRDA:25,4,0,1
BRDA:38,5,0,0
BRDA:100,6,0,2
BRDA:109,7,0,1
BRF:8
BRH:6
end_of_record
TN:
SF:src/modules/payments/payments.controller.ts
FN:1,(empty-report)
FNF:1
FNH:1
FNDA:1,(empty-report)
DA:2,0
DA:3,0
DA:5,0
DA:6,0
DA:7,0
DA:8,0
DA:10,0
DA:11,0
DA:12,0
DA:14,0
DA:15,0
DA:16,0
DA:17,0
DA:18,0
DA:19,0
DA:21,0
DA:22,0
DA:23,0
DA:25,0
DA:26,0
DA:27,0
DA:28,0
DA:29,0
DA:31,0
DA:32,0
DA:33,0
DA:34,0
DA:36,0
LF:28
LH:0
BRDA:1,0,0,1
BRF:1
BRH:1
end_of_record
TN:
SF:src/modules/payments/payments.routes.ts
FN:1,(empty-report)
FNF:1
FNH:1
FNDA:1,(empty-report)
DA:2,0
DA:3,0
DA:5,0
DA:6,0
DA:8,0
DA:9,0
DA:10,0
LF:7
LH:0
BRDA:1,0,0,1
BRF:1
BRH:1
end_of_record
TN:
SF:src/modules/payments/payments.service.ts
FN:1,(empty-report)
FNF:1
FNH:0
FNDA:0,(empty-report)
DA:1,0
DA:2,0
DA:4,0
DA:5,0
DA:6,0
DA:7,0
DA:8,0
DA:9,0
DA:10,0
DA:11,0
DA:12,0
DA:14,0
DA:15,0
DA:16,0
DA:17,0
DA:18,0
DA:19,0
DA:20,0
DA:22,0
DA:23,0
DA:24,0
DA:25,0
DA:26,0
DA:32,0
DA:33,0
DA:34,0
DA:35,0
DA:36,0
DA:37,0
DA:39,0
DA:40,0
DA:42,0
DA:43,0
DA:44,0
DA:45,0
DA:46,0
DA:47,0
DA:48,0
DA:49,0
DA:50,0
DA:52,0
LF:41
LH:0
BRDA:1,0,0,0
BRF:1
BRH:0
end_of_record
TN:
SF:src/modules/wallets/wallets.controller.ts
FN:1,(empty-report)
FNF:1
FNH:1
FNDA:1,(empty-report)
DA:2,0
DA:3,0
DA:5,0
DA:6,0
DA:7,0
DA:8,0
DA:9,0
DA:10,0
DA:12,0
DA:13,0
DA:14,0
DA:15,0
DA:16,0
DA:17,0
DA:18,0
DA:19,0
DA:20,0
DA:21,0
DA:22,0
DA:23,0
DA:24,0
DA:25,0
DA:26,0
DA:27,0
DA:28,0
DA:30,0
DA:31,0
DA:32,0
DA:33,0
DA:34,0
DA:36,0
DA:37,0
DA:38,0
DA:39,0
DA:40,0
DA:42,0
DA:43,0
DA:44,0
DA:45,0
DA:46,0
DA:47,0
DA:48,0
DA:49,0
DA:50,0
DA:51,0
DA:52,0
DA:54,0
LF:47
LH:0
BRDA:1,0,0,1
BRF:1
BRH:1
end_of_record
TN:
SF:src/modules/wallets/wallets.routes.ts
FN:1,(empty-report)
FNF:1
FNH:1
FNDA:1,(empty-report)
DA:2,0
DA:3,0
DA:5,0
DA:6,0
DA:8,0
DA:9,0
DA:10,0
DA:11,0
LF:8
LH:0
BRDA:1,0,0,1
BRF:1
BRH:1
end_of_record
TN:
SF:src/modules/wallets/wallets.schema.ts
FN:5,__vite_ssr_import_0__.z.object.publicKey.__vite_ssr_import_0__.z.string.refine.message
FNF:1
FNH:1
FNDA:6,__vite_ssr_import_0__.z.object.publicKey.__vite_ssr_import_0__.z.string.refine.message
DA:1,1
DA:2,1
DA:4,1
DA:5,1
DA:6,1
DA:7,1
DA:8,1
DA:9,1
DA:10,1
DA:11,1
DA:13,1
DA:14,1
DA:15,1
LF:13
LH:13
BRDA:5,0,0,6
BRF:1
BRH:1
end_of_record
TN:
SF:src/modules/wallets/wallets.service.ts
FN:1,(empty-report)
FNF:1
FNH:0
FNDA:0,(empty-report)
DA:1,0
DA:2,0
DA:4,0
DA:5,0
DA:6,0
DA:8,0
DA:10,0
DA:11,0
DA:12,0
DA:13,0
DA:14,0
DA:17,0
DA:18,0
DA:20,0
DA:21,0
DA:22,0
DA:23,0
DA:24,0
DA:25,0
DA:26,0
DA:27,0
DA:29,0
DA:30,0
DA:31,0
DA:32,0
DA:33,0
DA:34,0
DA:35,0
DA:36,0
DA:37,0
DA:39,0
DA:40,0
DA:41,0
DA:42,0
DA:43,0
DA:44,0
DA:46,0
DA:47,0
DA:48,0
DA:49,0
DA:50,0
DA:51,0
DA:52,0
DA:53,0
DA:54,0
DA:55,0
DA:56,0
DA:57,0
DA:58,0
DA:59,0
DA:60,0
DA:62,0
LF:52
LH:0
BRDA:1,0,0,0
BRF:1
BRH:0
end_of_record
TN:
SF:src/modules/webhooks/webhooks.controller.ts
FN:1,(empty-report)
FNF:1
FNH:1
FNDA:1,(empty-report)
DA:2,0
DA:3,0
DA:5,0
DA:6,0
DA:7,0
DA:8,0
DA:9,0
DA:10,0
DA:12,0
DA:13,0
DA:14,0
DA:15,0
DA:17,0
DA:18,0
DA:19,0
DA:20,0
DA:21,0
DA:23,0
DA:24,0
DA:25,0
DA:26,0
DA:27,0
DA:29,0
DA:30,0
DA:31,0
DA:32,0
DA:33,0
DA:34,0
DA:35,0
DA:36,0
DA:37,0
DA:38,0
DA:39,0
DA:41,0
DA:42,0
DA:43,0
DA:44,0
DA:45,0
DA:47,0
DA:48,0
DA:49,0
DA:50,0
DA:51,0
DA:52,0
DA:53,0
DA:54,0
DA:55,0
DA:56,0
DA:57,0
DA:58,0
DA:60,0
LF:51
LH:0
BRDA:1,0,0,1
BRF:1
BRH:1
end_of_record
TN:
SF:src/modules/webhooks/webhooks.routes.ts
FN:1,(empty-report)
FNF:1
FNH:1
FNDA:1,(empty-report)
DA:2,0
DA:3,0
DA:5,0
DA:6,0
DA:8,0
DA:9,0
DA:10,0
DA:11,0
DA:12,0
LF:9
LH:0
BRDA:1,0,0,1
BRF:1
BRH:1
end_of_record
TN:
SF:src/modules/webhooks/webhooks.schema.ts
FN:1,(empty-report)
FNF:1
FNH:0
FNDA:0,(empty-report)
DA:1,0
DA:3,0
DA:4,0
DA:5,0
DA:7,0
DA:8,0
DA:9,0
LF:7
LH:0
BRDA:1,0,0,0
BRF:1
BRH:0
end_of_record
TN:
SF:src/modules/webhooks/webhooks.service.ts
FN:1,(empty-report)
FNF:1
FNH:0
FNDA:0,(empty-report)
DA:1,0
DA:2,0
DA:3,0
DA:11,0
DA:13,0
DA:14,0
DA:15,0
DA:16,0
DA:18,0
DA:19,0
DA:20,0
DA:21,0
DA:22,0
DA:23,0
DA:24,0
DA:25,0
DA:26,0
DA:27,0
DA:28,0
DA:29,0
DA:30,0
DA:31,0
DA:33,0
DA:34,0
DA:35,0
DA:36,0
DA:37,0
DA:38,0
DA:39,0
DA:40,0
DA:41,0
DA:42,0
DA:43,0
DA:44,0
DA:46,0
DA:47,0
DA:48,0
DA:49,0
DA:51,0
DA:52,0
DA:53,0
DA:55,0
DA:56,0
DA:58,0
DA:59,0
DA:61,0
DA:62,0
DA:63,0
DA:65,0
DA:66,0
DA:67,0
DA:68,0
DA:69,0
DA:70,0
DA:71,0
DA:72,0
DA:74,0
DA:76,0
DA:77,0
DA:78,0
DA:79,0
DA:80,0
DA:81,0
DA:82,0
DA:83,0
DA:84,0
DA:85,0
DA:86,0
DA:88,0
DA:89,0
DA:90,0
DA:91,0
DA:92,0
DA:93,0
DA:94,0
DA:95,0
DA:96,0
DA:97,0
DA:98,0
DA:99,0
DA:100,0
DA:101,0
DA:102,0
DA:103,0
DA:104,0
DA:106,0
LF:86
LH:0
BRDA:1,0,0,0
BRF:1
BRH:0
end_of_record
TN:
SF:src/plugins/prisma.ts
FN:1,(empty-report)
FNF:1
FNH:0
FNDA:0,(empty-report)
DA:1,0
DA:3,0
DA:11,0
DA:12,0
DA:13,0
DA:15,0
DA:16,0
DA:17,0
DA:18,0
DA:19,0
DA:20,0
DA:22,0
DA:24,0
DA:25,0
DA:26,0
DA:27,0
DA:28,0
LF:17
LH:0
BRDA:1,0,0,0
BRF:1
BRH:0
end_of_record
TN:
SF:src/utils/csv-generator.ts
FN:1,(empty-report)
FNF:1
FNH:1
FNDA:1,(empty-report)
DA:3,0
DA:5,0
DA:6,0
DA:7,0
DA:8,0
DA:9,0
DA:10,0
DA:16,0
DA:17,0
DA:18,0
DA:19,0
DA:20,0
DA:21,0
DA:22,0
DA:23,0
DA:24,0
DA:25,0
DA:26,0
DA:27,0
DA:28,0
DA:30,0
DA:31,0
LF:22
LH:0
BRDA:1,0,0,1
BRF:1
BRH:1
end_of_record
TN:
SF:src/utils/did.ts
FN:23,parseDID
FN:65,generateDIDChallenge
FN:84,verifyDIDSignature
FNF:3
FNH:3
FNDA:9,parseDID
FNDA:3,generateDIDChallenge
FNDA:2,verifyDIDSignature
DA:1,1
DA:2,1
DA:23,1
DA:24,9
DA:25,1
DA:26,1
DA:28,8
DA:29,9
DA:30,1
DA:31,1
DA:33,7
DA:35,9
DA:36,6
DA:37,6
DA:38,6
DA:39,6
DA:40,6
DA:41,6
DA:42,6
DA:43,0
DA:44,0
DA:45,0
DA:46,0
DA:47,0
DA:49,1
DA:50,1
DA:51,1
DA:52,1
DA:53,1
DA:54,1
DA:56,0
DA:57,0
DA:58,0
DA:59,0
DA:60,0
DA:65,1
DA:66,3
DA:68,3
DA:69,3
DA:70,3
DA:71,3
DA:73,3
DA:74,3
DA:75,3
DA:76,3
DA:77,3
DA:78,3
DA:84,1
DA:85,2
DA:87,2
DA:90,2
DA:91,2
DA:92,2
DA:93,2
DA:95,2
DA:96,2
DA:97,0
DA:98,2
DA:99,2
DA:100,2
DA:102,2
DA:103,2
DA:104,0
DA:105,0
DA:106,0
DA:107,2
DA:110,0
DA:111,0
LF:68
LH:52
BRDA:23,0,0,9
BRDA:24,1,0,1
BRDA:26,2,0,8
BRDA:29,3,0,1
BRDA:31,4,0,7
BRDA:35,5,0,6
BRDA:42,6,0,0
BRDA:47,7,0,1
BRDA:54,8,0,0
BRDA:65,9,0,3
BRDA:84,10,0,2
BRDA:85,11,0,0
BRDA:90,12,0,0
BRDA:96,13,0,0
BRDA:103,14,0,0
BRDA:107,15,0,0
BRF:16
BRH:9
end_of_record
TN:
SF:src/utils/differential-privacy.ts
FN:15,generateLaplaceNoise
FN:41,addDifferentialPrivacyNoise
FNF:2
FNH:2
FNDA:5006,generateLaplaceNoise
FNDA:2,addDifferentialPrivacyNoise
DA:15,1
DA:16,5006
DA:17,2
DA:18,2
DA:19,5006
DA:20,1
DA:21,1
DA:23,5003
DA:25,5003
DA:28,5003
DA:29,5003
DA:30,5003
DA:41,1
DA:42,2
DA:43,2
DA:44,2
DA:45,2
DA:46,2
DA:47,2
DA:48,2
DA:49,2
LF:21
LH:21
BRDA:15,0,0,5006
BRDA:16,1,0,2
BRDA:18,2,0,5004
BRDA:19,3,0,1
BRDA:21,4,0,5003
BRDA:41,5,0,2
BRF:6
BRH:6
end_of_record
TN:
SF:src/utils/discord.ts
FN:14,getStellarExpertTxLink
FN:18,getAssetBadge
FN:36,buildDiscordEmbed
FN:60,dispatchDiscordAlert
FNF:4
FNH:4
FNDA:6,getStellarExpertTxLink
FNDA:5,getAssetBadge
FNDA:5,buildDiscordEmbed
FNDA:3,dispatchDiscordAlert
DA:11,1
DA:12,1
DA:14,1
DA:15,6
DA:16,6
DA:18,5
DA:19,5
DA:20,1
DA:21,1
DA:22,5
DA:23,5
DA:36,1
DA:37,5
DA:38,5
DA:39,5
DA:40,5
DA:41,5
DA:42,5
DA:43,5
DA:44,5
DA:45,5
DA:46,5
DA:47,5
DA:48,5
DA:49,5
DA:50,5
DA:51,5
DA:52,5
DA:53,5
DA:54,5
DA:55,5
DA:56,5
DA:57,5
DA:58,5
DA:60,3
DA:61,3
DA:63,3
DA:64,3
DA:65,3
DA:66,3
DA:67,3
DA:68,3
DA:69,3
DA:71,3
DA:72,1
DA:73,1
DA:75,2
DA:76,3
DA:77,1
DA:78,1
DA:79,1
DA:80,3
LF:52
LH:52
BRDA:14,0,0,6
BRDA:18,1,0,5
BRDA:19,2,0,4
BRDA:19,3,0,1
BRDA:21,4,0,4
BRDA:22,5,0,0
BRDA:36,6,0,5
BRDA:60,7,0,3
BRDA:69,8,0,2
BRDA:71,9,0,1
BRDA:73,10,0,2
BRDA:76,11,0,1
BRF:12
BRH:11
end_of_record
TN:
SF:src/utils/jwt.ts
FN:16,generateMagicToken
FN:20,generateSessionToken
FN:24,verifyToken
FNF:3
FNH:3
FNDA:3,generateMagicToken
FNDA:3,generateSessionToken
FNDA:6,verifyToken
DA:1,1
DA:2,1
DA:3,1
DA:16,1
DA:17,3
DA:18,3
DA:20,1
DA:21,3
DA:22,3
DA:24,1
DA:25,6
DA:26,6
LF:12
LH:12
BRDA:16,0,0,3
BRDA:20,1,0,3
BRDA:24,2,0,6
BRF:3
BRH:3
end_of_record
TN:
SF:src/utils/mtls.ts
FN:17,createMTLSAgent
FNF:1
FNH:1
FNDA:3,createMTLSAgent
DA:1,1
DA:17,1
DA:18,3
DA:20,3
DA:21,3
DA:22,3
DA:23,3
DA:25,3
DA:26,1
DA:27,1
DA:29,3
DA:30,1
DA:31,1
DA:33,3
DA:34,1
DA:35,1
DA:37,3
DA:38,3
LF:18
LH:18
BRDA:17,0,0,3
BRDA:25,1,0,1
BRDA:29,2,0,1
BRDA:33,3,0,1
BRF:4
BRH:4
end_of_record
TN:
SF:src/utils/pdf-generator.ts
FN:25,generateLedgerStatementPdf
FNF:1
FNH:1
FNDA:2,generateLedgerStatementPdf
DA:1,1
DA:2,1
DA:25,1
DA:26,2
DA:28,2
DA:29,2
DA:30,2
DA:31,2
DA:33,2
DA:34,2
DA:35,2
DA:36,2
DA:37,2
DA:39,2
DA:40,2
DA:41,2
DA:42,2
DA:43,2
DA:44,2
DA:45,2
DA:46,2
DA:48,2
DA:49,2
DA:51,2
DA:52,2
DA:53,2
DA:54,2
DA:55,2
DA:56,2
DA:57,2
DA:58,2
DA:59,2
DA:61,2
DA:62,2
DA:63,2
DA:64,2
DA:65,2
DA:66,2
DA:68,2
DA:69,2
DA:70,2
DA:71,2
DA:72,2
DA:73,2
DA:75,2
DA:76,2
DA:77,2
DA:78,2
DA:80,2
DA:81,2
DA:82,2
LF:51
LH:51
BRDA:25,0,0,2
BRDA:28,1,0,2
BRDA:43,2,0,1
BRDA:43,3,0,1
BRDA:66,4,0,0
BRDA:33,5,0,122
BRDA:34,6,0,2
BRF:7
BRH:6
end_of_record
TN:
SF:src/utils/slack.ts
FN:29,buildSlackBlockKitPayload
FN:84,dispatchSlackAlert
FNF:2
FNH:2
FNDA:3,buildSlackBlockKitPayload
FNDA:2,dispatchSlackAlert
DA:29,1
DA:30,3
DA:31,3
DA:33,3
DA:34,3
DA:35,3
DA:36,3
DA:37,3
DA:38,3
DA:39,3
DA:40,3
DA:41,3
DA:42,3
DA:43,3
DA:44,3
DA:45,3
DA:46,3
DA:47,3
DA:48,3
DA:49,3
DA:50,3
DA:51,3
DA:52,3
DA:53,3
DA:54,3
DA:55,3
DA:56,3
DA:57,3
DA:58,3
DA:59,3
DA:60,3
DA:61,3
DA:62,3
DA:63,3
DA:64,3
DA:65,3
DA:66,3
DA:67,3
DA:68,3
DA:69,3
DA:70,3
DA:71,3
DA:72,3
DA:73,3
DA:74,3
DA:75,3
DA:76,3
DA:77,3
DA:78,3
DA:79,3
DA:80,3
DA:81,3
DA:82,3
DA:84,2
DA:85,2
DA:86,2
DA:87,2
DA:88,2
DA:90,2
DA:91,2
DA:92,2
DA:93,2
DA:94,2
DA:95,2
DA:96,2
DA:97,2
DA:98,2
DA:100,2
DA:101,1
DA:102,1
DA:103,1
DA:104,1
DA:106,1
DA:107,1
DA:108,2
DA:109,0
DA:110,0
DA:111,0
DA:112,2
LF:79
LH:76
BRDA:29,0,0,3
BRDA:31,1,0,0
BRDA:84,2,0,2
BRDA:100,3,0,1
BRDA:108,4,0,0
BRF:5
BRH:3
end_of_record
TN:
SF:src/utils/webhook-signer.ts
FN:31,generateWebhookSignature
FN:64,verifyWebhookSignature
FN:137,verifyWebhookSignatureSync
FNF:3
FNH:3
FNDA:29,generateWebhookSignature
FNDA:17,verifyWebhookSignature
FNDA:3,verifyWebhookSignatureSync
DA:1,1
DA:3,1
DA:4,1
DA:20,1
DA:31,1
DA:32,29
DA:33,29
DA:34,29
DA:35,29
DA:36,29
DA:37,29
DA:38,29
DA:39,29
DA:40,29
DA:41,29
DA:42,0
DA:44,29
DA:45,29
DA:46,29
DA:47,29
DA:48,29
DA:49,29
DA:50,29
DA:64,17
DA:65,17
DA:66,17
DA:67,17
DA:68,17
DA:69,17
DA:70,17
DA:71,17
DA:72,13
DA:73,4
DA:75,17
DA:76,17
DA:77,17
DA:79,17
DA:80,2
DA:81,2
DA:83,15
DA:84,15
DA:85,15
DA:86,15
DA:88,17
DA:90,15
DA:91,15
DA:92,17
DA:94,17
DA:97,17
DA:98,3
DA:99,3
DA:102,11
DA:103,11
DA:104,11
DA:106,17
DA:108,2
DA:109,0
DA:110,0
DA:111,0
DA:112,0
DA:113,0
DA:114,0
DA:115,0
DA:116,0
DA:117,2
DA:118,2
DA:119,2
DA:120,2
DA:123,17
DA:124,7
DA:125,7
DA:126,7
DA:127,1
DA:128,1
DA:129,7
DA:131,8
DA:132,8
DA:137,1
DA:138,3
DA:139,3
DA:140,3
DA:141,3
DA:142,3
DA:143,3
DA:144,3
DA:145,0
DA:146,0
DA:148,3
DA:149,3
DA:150,3
DA:151,3
DA:153,3
DA:155,3
DA:156,3
DA:157,3
DA:159,3
DA:161,3
DA:162,1
DA:163,1
DA:165,2
DA:166,2
DA:167,2
DA:169,3
DA:170,1
DA:171,0
DA:172,0
DA:173,0
DA:174,0
DA:175,0
DA:177,0
DA:178,1
DA:179,1
DA:181,1
DA:182,1
LF:114
LH:97
BRDA:31,0,0,29
BRDA:38,1,0,0
BRDA:41,2,0,0
BRDA:64,3,0,17
BRDA:71,4,0,13
BRDA:72,5,0,4
BRDA:73,6,0,0
BRDA:75,7,0,2
BRDA:76,8,0,15
BRDA:79,9,0,16
BRDA:79,10,0,15
BRDA:79,11,0,2
BRDA:81,12,0,15
BRDA:88,13,0,0
BRDA:88,14,0,15
BRDA:92,15,0,0
BRDA:94,16,0,1
BRDA:94,17,0,14
BRDA:97,18,0,3
BRDA:99,19,0,11
BRDA:106,20,0,2
BRDA:108,21,0,0
BRDA:108,22,0,0
BRDA:120,23,0,9
BRDA:123,24,0,7
BRDA:126,25,0,1
BRDA:129,26,0,8
BRDA:84,27,0,15
BRDA:85,28,0,30
BRDA:86,29,0,45
BRDA:137,30,0,3
BRDA:144,31,0,0
BRDA:153,32,0,0
BRDA:157,33,0,0
BRDA:159,34,0,0
BRDA:161,35,0,1
BRDA:163,36,0,2
BRDA:169,37,0,1
BRDA:170,38,0,0
BRDA:170,39,0,0
BRDA:149,40,0,3
BRDA:150,41,0,6
BRDA:151,42,0,9
BRF:43
BRH:30
end_of_record
TN:
SF:src/utils/whatsapp.ts
FN:5,normalizeLanguage
FN:13,formatWhatsAppMessage
FN:43,buildWhatsAppCloudPayload
FN:80,dispatchWhatsAppAlert
FNF:4
FNH:4
FNDA:10,normalizeLanguage
FNDA:6,formatWhatsAppMessage
FNDA:3,buildWhatsAppCloudPayload
FNDA:2,dispatchWhatsAppAlert
DA:5,1
DA:6,10
DA:7,9
DA:8,10
DA:9,10
DA:10,3
DA:11,3
DA:13,1
DA:14,6
DA:15,6
DA:16,2
DA:17,2
DA:18,2
DA:19,2
DA:20,2
DA:21,2
DA:22,2
DA:23,6
DA:24,2
DA:25,2
DA:26,2
DA:27,2
DA:28,2
DA:29,2
DA:30,2
DA:31,6
DA:32,6
DA:33,2
DA:34,2
DA:35,2
DA:36,2
DA:37,2
DA:38,2
DA:39,2
DA:40,6
DA:41,6
DA:43,1
DA:44,3
DA:45,3
DA:46,3
DA:47,3
DA:48,3
DA:49,3
DA:51,3
DA:52,3
DA:53,3
DA:54,3
DA:55,3
DA:56,3
DA:57,3
DA:58,3
DA:59,3
DA:60,3
DA:61,3
DA:62,3
DA:63,3
DA:64,3
DA:65,3
DA:66,3
DA:67,3
DA:68,3
DA:69,3
DA:70,3
DA:71,3
DA:72,3
DA:73,3
DA:74,3
DA:75,3
DA:76,3
DA:77,3
DA:78,3
DA:80,2
DA:81,2
DA:82,2
DA:83,2
DA:84,2
DA:85,2
DA:86,2
DA:87,2
DA:88,2
DA:90,2
DA:92,2
DA:93,2
DA:94,2
DA:95,2
DA:96,2
DA:97,2
DA:98,2
DA:99,2
DA:100,2
DA:101,2
DA:103,2
DA:104,1
DA:105,1
DA:106,1
DA:107,1
DA:109,1
DA:110,1
DA:111,2
DA:112,0
DA:113,0
DA:114,0
DA:115,2
LF:103
LH:100
BRDA:5,0,0,10
BRDA:6,1,0,1
BRDA:6,2,0,9
BRDA:8,3,0,7
BRDA:8,4,0,3
BRDA:8,5,0,6
BRDA:9,6,0,4
BRDA:9,7,0,3
BRDA:13,8,0,6
BRDA:15,9,0,2
BRDA:23,10,0,2
BRDA:31,11,0,2
BRDA:32,12,0,2
BRDA:43,13,0,3
BRDA:80,14,0,2
BRDA:103,15,0,1
BRDA:111,16,0,0
BRF:17
BRH:16
end_of_record
TN:
SF:src/utils/zkp-verifier.ts
FN:17,verifyZkProof
FN:33,generateSecretHash
FNF:2
FNH:2
FNDA:3,verifyZkProof
FNDA:1,generateSecretHash
DA:1,1
DA:2,1
DA:5,1
DA:6,1
DA:7,1
DA:8,1
DA:9,1
DA:10,1
DA:11,1
DA:12,1
DA:13,1
DA:14,1
DA:15,1
DA:17,3
DA:18,3
DA:19,3
DA:20,3
DA:21,3
DA:22,3
DA:23,3
DA:24,1
DA:25,1
DA:26,2
DA:27,2
DA:28,3
DA:29,0
DA:30,0
DA:31,3
DA:33,1
DA:34,1
DA:35,1
LF:31
LH:29
BRDA:17,0,0,3
BRDA:23,1,0,2
BRDA:23,2,0,2
BRDA:23,3,0,1
BRDA:25,4,0,2
BRDA:28,5,0,0
BRDA:33,6,0,1
BRF:7
BRH:6
end_of_record
